#
# There is insufficient memory for the Java Runtime Environment to continue.
# Native memory allocation (malloc) failed to allocate 122945536 bytes for committing reserved memory.
# Possible reasons:
#   The system is out of physical RAM or swap space
#   In 32 bit mode, the process size limit was hit
# Possible solutions:
#   Reduce memory load on the system
#   Increase physical memory or swap space
#   Check if swap backing store is full
#   Use 64 bit Java on a 64 bit OS
#   Decrease Java heap size (-Xmx/-Xms)
#   Decrease number of Java threads
#   Decrease Java thread stack sizes (-Xss)
#   Set larger code cache with -XX:ReservedCodeCacheSize=
# This output file may be truncated or incomplete.
#
#  Out of Memory Error (os_linux.cpp:2827), pid=15190, tid=1741478720
#
# JRE version: OpenJDK Runtime Environment (7.0_91-b02) (build 1.7.0_91-b02)
# Java VM: OpenJDK Server VM (24.91-b01 mixed mode linux-x86 )
# Derivative: IcedTea 2.6.3
# Distribution: Ubuntu 14.04 LTS, package 7u91-2.6.3-0ubuntu0.14.04.1
# Failed to write core dump. Core dumps have been disabled. To enable core dumping, try "ulimit -c unlimited" before starting Java again
#

---------------  T H R E A D  ---------------

Current thread (0x67b80400):  VMThread [stack: 0x67c4d000,0x67cce000] [id=15199]

Stack: [0x67c4d000,0x67cce000]
VM_Operation (0x66c7ea98): ParallelGCFailedAllocation, mode: safepoint, requested by thread 0x67261000


---------------  P R O C E S S  ---------------

Java Threads: ( => current thread )
  0x67261000 JavaThread "pool-1-thread-4" [_thread_blocked, id=15230, stack(0x66c2f000,0x66c80000)]
  0x6725f800 JavaThread "pool-1-thread-3" [_thread_blocked, id=15228, stack(0x66c80000,0x66cd1000)]
  0x6725f000 JavaThread "pool-1-thread-2" [_thread_blocked, id=15227, stack(0x66cd1000,0x66d22000)]
  0x6725b800 JavaThread "pool-2-thread-1" [_thread_blocked, id=15226, stack(0x66d22000,0x66d73000)]
  0x6725a000 JavaThread "pool-1-thread-1" [_thread_blocked, id=15225, stack(0x6714e000,0x6719f000)]
  0x67b9d400 JavaThread "Service Thread" daemon [_thread_blocked, id=15205, stack(0x673eb000,0x6743c000)]
  0x67b9b800 JavaThread "C2 CompilerThread1" daemon [_thread_blocked, id=15204, stack(0x6743c000,0x674bd000)]
  0x67b99800 JavaThread "C2 CompilerThread0" daemon [_thread_blocked, id=15203, stack(0x674bd000,0x6753e000)]
  0x67b97c00 JavaThread "Signal Dispatcher" daemon [_thread_blocked, id=15202, stack(0x6753e000,0x6758f000)]
  0x67b84800 JavaThread "Finalizer" daemon [_thread_blocked, id=15201, stack(0x6a82e000,0x6a87f000)]
  0x67b82c00 JavaThread "Reference Handler" daemon [_thread_blocked, id=15200, stack(0x6aa2e000,0x6aa7f000)]
  0xb6407c00 JavaThread "main" [_thread_blocked, id=15194, stack(0xb653f000,0xb6590000)]

Other Threads:
=>0x67b80400 VMThread [stack: 0x67c4d000,0x67cce000] [id=15199]
  0x67b9f000 WatcherThread [stack: 0x6736a000,0x673eb000] [id=15206]

VM state:at safepoint (normal execution)

VM Mutex/Monitor currently owned by a thread:  ([mutex/lock_event])
[0xb6404dc8] ExpandHeap_lock - owner thread: 0x67b80400
[0xb6405310] Threads_lock - owner thread: 0x67b80400
[0xb6405720] Heap_lock - owner thread: 0x67261000

Heap
 PSYoungGen      total 209408K, used 0K [0x9dd40000, 0xb0780000, 0xb32c0000)
  eden space 134912K, 0% used [0x9dd40000,0x9dd40000,0xa6100000)
  from space 74496K, 0% used [0xa6100000,0xa6100000,0xaa9c0000)
  to   space 69632K, 0% used [0xac380000,0xac380000,0xb0780000)
 ParOldGen       total 193792K, used 193510K [0x732c0000, 0x7f000000, 0x9dd40000)
  object space 193792K, 99% used [0x732c0000,0x7efb9918,0x7f000000)
 PSPermGen       total 16384K, used 4262K [0x6b2c0000, 0x6c2c0000, 0x732c0000)
  object space 16384K, 26% used [0x6b2c0000,0x6b6e99b0,0x6c2c0000)

Card table byte_map: [0x6b07f000,0x6b2c0000] byte_map_base: 0x6ad25a00

Polling page: 0xb7741000

Code Cache  [0xb33b9000, 0xb35f9000, 0xb63b9000)
 total_blobs=540 nmethods=418 adapters=76 free_code_cache=47383Kb largest_free_block=48487552

Compilation events (10 events):
Event: 27,832 Thread 0x67b9b800 nmethod 418 0xb3574208 code [0xb3574320, 0xb35744fc]
Event: 27,832 Thread 0x67b9b800  419             com.android.dx.rop.type.Type::isConstant (2 bytes)
Event: 27,845 Thread 0x67b9b800 nmethod 419 0xb353fa08 code [0xb353fae0, 0xb353fb30]
Event: 27,846 Thread 0x67b9b800  420             java.util.AbstractList::clear (10 bytes)
Event: 27,871 Thread 0x67b9b800 nmethod 420 0xb3573c08 code [0xb3573d20, 0xb3573f90]
Event: 27,871 Thread 0x67b9b800  421             com.android.dx.util.FixedSizeList::shrinkToFit (103 bytes)
Event: 27,920 Thread 0x67b9b800 nmethod 421 0xb3573588 code [0xb35736a0, 0xb3573a70]
Event: 27,920 Thread 0x67b9b800  422             com.android.dx.cf.code.ExecutionStack::size (5 bytes)
Event: 27,920 Thread 0x67b9b800 nmethod 422 0xb3538348 code [0xb3538420, 0xb3538470]
Event: 27,920 Thread 0x67b9b800  423             com.android.dx.rop.code.RegisterSpecSet::intersect (117 bytes)

GC Heap History (10 events):
Event: 21,124 GC heap after
Heap after GC invocations=9 (full 1):
 PSYoungGen      total 131584K, used 4338K [0x9dd40000, 0xa8ac0000, 0xb32c0000)
  eden space 116224K, 0% used [0x9dd40000,0x9dd40000,0xa4ec0000)
  from space 15360K, 28% used [0xa67c0000,0xa6bfc910,0xa76c0000)
  to   space 25600K, 0% used [0xa4ec0000,0xa4ec0000,0xa67c0000)
 ParOldGen       total 80640K, used 42070K [0x732c0000, 0x78180000, 0x9dd40000)
  object space 80640K, 52% used [0x732c0000,0x75bd5980,0x78180000)
 PSPermGen       total 16384K, used 4255K [0x6b2c0000, 0x6c2c0000, 0x732c0000)
  object space 16384K, 25% used [0x6b2c0000,0x6b6e7c60,0x6c2c0000)
}
Event: 22,686 GC heap before
{Heap before GC invocations=10 (full 1):
 PSYoungGen      total 131584K, used 120562K [0x9dd40000, 0xa8ac0000, 0xb32c0000)
  eden space 116224K, 100% used [0x9dd40000,0xa4ec0000,0xa4ec0000)
  from space 15360K, 28% used [0xa67c0000,0xa6bfc910,0xa76c0000)
  to   space 25600K, 0% used [0xa4ec0000,0xa4ec0000,0xa67c0000)
 ParOldGen       total 80640K, used 42070K [0x732c0000, 0x78180000, 0x9dd40000)
  object space 80640K, 52% used [0x732c0000,0x75bd5980,0x78180000)
 PSPermGen       total 16384K, used 4255K [0x6b2c0000, 0x6c2c0000, 0x732c0000)
  object space 16384K, 25% used [0x6b2c0000,0x6b6e7d10,0x6c2c0000)
Event: 22,959 GC heap after
Heap after GC invocations=10 (full 1):
 PSYoungGen      total 141824K, used 25592K [0x9dd40000, 0xae180000, 0xb32c0000)
  eden space 116224K, 0% used [0x9dd40000,0x9dd40000,0xa4ec0000)
  from space 25600K, 99% used [0xa4ec0000,0xa67be1e0,0xa67c0000)
  to   space 57088K, 0% used [0xaa9c0000,0xaa9c0000,0xae180000)
 ParOldGen       total 109056K, used 108086K [0x732c0000, 0x79d40000, 0x9dd40000)
  object space 109056K, 99% used [0x732c0000,0x79c4d980,0x79d40000)
 PSPermGen       total 16384K, used 4255K [0x6b2c0000, 0x6c2c0000, 0x732c0000)
  object space 16384K, 25% used [0x6b2c0000,0x6b6e7d10,0x6c2c0000)
}
Event: 22,959 GC heap before
{Heap before GC invocations=11 (full 2):
 PSYoungGen      total 141824K, used 25592K [0x9dd40000, 0xae180000, 0xb32c0000)
  eden space 116224K, 0% used [0x9dd40000,0x9dd40000,0xa4ec0000)
  from space 25600K, 99% used [0xa4ec0000,0xa67be1e0,0xa67c0000)
  to   space 57088K, 0% used [0xaa9c0000,0xaa9c0000,0xae180000)
 ParOldGen       total 109056K, used 108086K [0x732c0000, 0x79d40000, 0x9dd40000)
  object space 109056K, 99% used [0x732c0000,0x79c4d980,0x79d40000)
 PSPermGen       total 16384K, used 4255K [0x6b2c0000, 0x6c2c0000, 0x732c0000)
  object space 16384K, 25% used [0x6b2c0000,0x6b6e7d10,0x6c2c0000)
Event: 23,557 GC heap after
Heap after GC invocations=11 (full 2):
 PSYoungGen      total 141824K, used 3116K [0x9dd40000, 0xae180000, 0xb32c0000)
  eden space 116224K, 0% used [0x9dd40000,0x9dd40000,0xa4ec0000)
  from space 25600K, 12% used [0xa4ec0000,0xa51cb390,0xa67c0000)
  to   space 57088K, 0% used [0xaa9c0000,0xaa9c0000,0xae180000)
 ParOldGen       total 191232K, used 108972K [0x732c0000, 0x7ed80000, 0x9dd40000)
  object space 191232K, 56% used [0x732c0000,0x79d2b088,0x7ed80000)
 PSPermGen       total 16384K, used 4255K [0x6b2c0000, 0x6c2c0000, 0x732c0000)
  object space 16384K, 25% used [0x6b2c0000,0x6b6e7d00,0x6c2c0000)
}
Event: 23,808 GC heap before
{Heap before GC invocations=12 (full 2):
 PSYoungGen      total 141824K, used 119340K [0x9dd40000, 0xae180000, 0xb32c0000)
  eden space 116224K, 100% used [0x9dd40000,0xa4ec0000,0xa4ec0000)
  from space 25600K, 12% used [0xa4ec0000,0xa51cb390,0xa67c0000)
  to   space 57088K, 0% used [0xaa9c0000,0xaa9c0000,0xae180000)
 ParOldGen       total 191232K, used 108972K [0x732c0000, 0x7ed80000, 0x9dd40000)
  object space 191232K, 56% used [0x732c0000,0x79d2b088,0x7ed80000)
 PSPermGen       total 16384K, used 4260K [0x6b2c0000, 0x6c2c0000, 0x732c0000)
  object space 16384K, 26% used [0x6b2c0000,0x6b6e9270,0x6c2c0000)
Event: 24,090 GC heap after
Heap after GC invocations=12 (full 2):
 PSYoungGen      total 192000K, used 57074K [0x9dd40000, 0xafc00000, 0xb32c0000)
  eden space 134912K, 0% used [0x9dd40000,0x9dd40000,0xa6100000)
  from space 57088K, 99% used [0xaa9c0000,0xae17cb80,0xae180000)
  to   space 74496K, 0% used [0xa6100000,0xa6100000,0xaa9c0000)
 ParOldGen       total 191232K, used 128426K [0x732c0000, 0x7ed80000, 0x9dd40000)
  object space 191232K, 67% used [0x732c0000,0x7b02aa20,0x7ed80000)
 PSPermGen       total 16384K, used 4260K [0x6b2c0000, 0x6c2c0000, 0x732c0000)
  object space 16384K, 26% used [0x6b2c0000,0x6b6e9270,0x6c2c0000)
}
Event: 27,966 GC heap before
{Heap before GC invocations=13 (full 2):
 PSYoungGen      total 192000K, used 191986K [0x9dd40000, 0xafc00000, 0xb32c0000)
  eden space 134912K, 100% used [0x9dd40000,0xa6100000,0xa6100000)
  from space 57088K, 99% used [0xaa9c0000,0xae17cb80,0xae180000)
  to   space 74496K, 0% used [0xa6100000,0xa6100000,0xaa9c0000)
 ParOldGen       total 191232K, used 128426K [0x732c0000, 0x7ed80000, 0x9dd40000)
  object space 191232K, 67% used [0x732c0000,0x7b02aa20,0x7ed80000)
 PSPermGen       total 16384K, used 4262K [0x6b2c0000, 0x6c2c0000, 0x732c0000)
  object space 16384K, 26% used [0x6b2c0000,0x6b6e99b0,0x6c2c0000)
Event: 28,238 GC heap after
Heap after GC invocations=13 (full 2):
 PSYoungGen      total 209408K, used 24551K [0x9dd40000, 0xb0780000, 0xb32c0000)
  eden space 134912K, 0% used [0x9dd40000,0x9dd40000,0xa6100000)
  from space 74496K, 32% used [0xa6100000,0xa78f9e00,0xaa9c0000)
  to   space 69632K, 0% used [0xac380000,0xac380000,0xb0780000)
 ParOldGen       total 193792K, used 193312K [0x732c0000, 0x7f000000, 0x9dd40000)
  object space 193792K, 99% used [0x732c0000,0x7ef880f8,0x7f000000)
 PSPermGen       total 16384K, used 4262K [0x6b2c0000, 0x6c2c0000, 0x732c0000)
  object space 16384K, 26% used [0x6b2c0000,0x6b6e99b0,0x6c2c0000)
}
Event: 28,238 GC heap before
{Heap before GC invocations=14 (full 3):
 PSYoungGen      total 209408K, used 24551K [0x9dd40000, 0xb0780000, 0xb32c0000)
  eden space 134912K, 0% used [0x9dd40000,0x9dd40000,0xa6100000)
  from space 74496K, 32% used [0xa6100000,0xa78f9e00,0xaa9c0000)
  to   space 69632K, 0% used [0xac380000,0xac380000,0xb0780000)
 ParOldGen       total 193792K, used 193312K [0x732c0000, 0x7f000000, 0x9dd40000)
  object space 193792K, 99% used [0x732c0000,0x7ef880f8,0x7f000000)
 PSPermGen       total 16384K, used 4262K [0x6b2c0000, 0x6c2c0000, 0x732c0000)
  object space 16384K, 26% used [0x6b2c0000,0x6b6e99b0,0x6c2c0000)

Deoptimization events (10 events):
Event: 4,318 Thread 0x6725a000 Uncommon trap: reason=unstable_if action=reinterpret pc=0xb342c42c method=com.android.dx.util.IntList.binarysearch(I)I @ 105
Event: 8,585 Thread 0x6725a000 Uncommon trap: reason=class_check action=maybe_recompile pc=0xb3496878 method=com.android.dx.ssa.SCCP.simulateBranch(Lcom/android/dx/ssa/SsaInsn;)V @ 145
Event: 9,454 Thread 0xb6407c00 Uncommon trap: reason=null_check action=make_not_entrant pc=0xb343c664 method=com.android.dx.rop.type.Type.putIntern(Lcom/android/dx/rop/type/Type;)Lcom/android/dx/rop/type/Type; @ 18
Event: 11,755 Thread 0x6725a000 Uncommon trap: reason=class_check action=maybe_recompile pc=0xb3496878 method=com.android.dx.ssa.SCCP.simulateBranch(Lcom/android/dx/ssa/SsaInsn;)V @ 145
Event: 13,201 Thread 0x6725f800 Uncommon trap: reason=class_check action=maybe_recompile pc=0xb3496878 method=com.android.dx.ssa.SCCP.simulateBranch(Lcom/android/dx/ssa/SsaInsn;)V @ 145
Event: 23,778 Thread 0x6725a000 Uncommon trap: reason=class_check action=maybe_recompile pc=0xb344d158 method=com.android.dx.ssa.SsaConverter.placePhiFunctions(Lcom/android/dx/ssa/SsaMethod;Lcom/android/dx/ssa/LocalVariableInfo;I)V @ 257
Event: 24,128 Thread 0x6725f800 Uncommon trap: reason=class_check action=maybe_recompile pc=0xb344d158 method=com.android.dx.ssa.SsaConverter.placePhiFunctions(Lcom/android/dx/ssa/SsaMethod;Lcom/android/dx/ssa/LocalVariableInfo;I)V @ 257
Event: 24,345 Thread 0xb6407c00 Uncommon trap: reason=class_check action=maybe_recompile pc=0xb344d158 method=com.android.dx.ssa.SsaConverter.placePhiFunctions(Lcom/android/dx/ssa/SsaMethod;Lcom/android/dx/ssa/LocalVariableInfo;I)V @ 257
Event: 24,471 Thread 0x67261000 Uncommon trap: reason=class_check action=maybe_recompile pc=0xb344d158 method=com.android.dx.ssa.SsaConverter.placePhiFunctions(Lcom/android/dx/ssa/SsaMethod;Lcom/android/dx/ssa/LocalVariableInfo;I)V @ 257
Event: 24,848 Thread 0x6725a000 Uncommon trap: reason=unloaded action=reinterpret pc=0xb342091c method=com.android.dx.ssa.SetFactory.makeLivenessSet(I)Lcom/android/dx/util/IntSet; @ 18

Internal exceptions (10 events):
Event: 2,425 Thread 0xb6407c00 Threw 0x9e629620 at /build/openjdk-7-8Khev_/openjdk-7-7u91-2.6.3/build/openjdk/hotspot/src/share/vm/prims/jvm.cpp:1322
Event: 2,652 Thread 0xb6407c00 Threw 0x9e9d0598 at /build/openjdk-7-8Khev_/openjdk-7-7u91-2.6.3/build/openjdk/hotspot/src/share/vm/prims/jvm.cpp:1322
Event: 2,653 Thread 0xb6407c00 Threw 0x9e9d66a0 at /build/openjdk-7-8Khev_/openjdk-7-7u91-2.6.3/build/openjdk/hotspot/src/share/vm/prims/jvm.cpp:1322
Event: 2,654 Thread 0xb6407c00 Threw 0x9e9dc578 at /build/openjdk-7-8Khev_/openjdk-7-7u91-2.6.3/build/openjdk/hotspot/src/share/vm/prims/jvm.cpp:1322
Event: 5,110 Thread 0xb6407c00 Threw 0x9ef36cd8 at /build/openjdk-7-8Khev_/openjdk-7-7u91-2.6.3/build/openjdk/hotspot/src/share/vm/prims/jvm.cpp:1322
Event: 6,185 Thread 0x67261000 Threw 0x9df3cf78 at /build/openjdk-7-8Khev_/openjdk-7-7u91-2.6.3/build/openjdk/hotspot/src/share/vm/prims/jvm.cpp:1322
Event: 6,584 Thread 0x67261000 Threw 0x9e4c74a0 at /build/openjdk-7-8Khev_/openjdk-7-7u91-2.6.3/build/openjdk/hotspot/src/share/vm/prims/jvm.cpp:1322
Event: 9,454 Thread 0xb6407c00 Implicit null exception at 0xb343c0ce to 0xb343c659
Event: 23,713 Thread 0x6725a000 Threw 0xa24ab728 at /build/openjdk-7-8Khev_/openjdk-7-7u91-2.6.3/build/openjdk/hotspot/src/share/vm/prims/jvm.cpp:1322
Event: 23,778 Thread 0x6725a000 Threw 0xa261e6a8 at /build/openjdk-7-8Khev_/openjdk-7-7u91-2.6.3/build/openjdk/hotspot/src/share/vm/prims/jvm.cpp:1322

Events (10 events):
Event: 24,345 Thread 0xb6407c00 Uncommon trap: trap_request=0xffffffde fr.pc=0xb344d158
Event: 24,345 Thread 0xb6407c00 DEOPT PACKING pc=0xb344d158 sp=0xb658e850
Event: 24,345 Thread 0xb6407c00 DEOPT UNPACKING pc=0xb33e5bc8 sp=0xb658e858 mode 2
Event: 24,471 Thread 0x67261000 Uncommon trap: trap_request=0xffffffde fr.pc=0xb344d158
Event: 24,471 Thread 0x67261000 DEOPT PACKING pc=0xb344d158 sp=0x66c7ebe0
Event: 24,471 Thread 0x67261000 DEOPT UNPACKING pc=0xb33e5bc8 sp=0x66c7ebe8 mode 2
Event: 24,848 Thread 0x6725a000 Uncommon trap: trap_request=0x00000004 fr.pc=0xb342091c
Event: 24,848 Thread 0x6725a000 DEOPT PACKING pc=0xb342091c sp=0x6719db70
Event: 24,848 Thread 0x6725a000 DEOPT UNPACKING pc=0xb33e5bc8 sp=0x6719dae4 mode 2
Event: 27,951 Executing VM operation: ParallelGCFailedAllocation


Dynamic libraries:
08048000-08049000 r-xp 00000000 08:05 2623258    /usr/lib/jvm/java-7-openjdk-i386/jre/bin/java
08049000-0804a000 r--p 00000000 08:05 2623258    /usr/lib/jvm/java-7-openjdk-i386/jre/bin/java
0804a000-0804b000 rw-p 00001000 08:05 2623258    /usr/lib/jvm/java-7-openjdk-i386/jre/bin/java
0968e000-09703000 rw-p 00000000 00:00 0          [heap]
65300000-65400000 rw-p 00000000 00:00 0 
65400000-654ff000 rw-p 00000000 00:00 0 
654ff000-65500000 ---p 00000000 00:00 0 
65500000-655db000 rw-p 00000000 00:00 0 
655db000-65600000 ---p 00000000 00:00 0 
65600000-656e4000 rw-p 00000000 00:00 0 
656e4000-65700000 ---p 00000000 00:00 0 
65700000-657f9000 rw-p 00000000 00:00 0 
657f9000-65800000 ---p 00000000 00:00 0 
65800000-658fd000 rw-p 00000000 00:00 0 
658fd000-65900000 ---p 00000000 00:00 0 
65900000-659f9000 rw-p 00000000 00:00 0 
659f9000-65a00000 ---p 00000000 00:00 0 
65a00000-65afa000 rw-p 00000000 00:00 0 
65afa000-65b00000 ---p 00000000 00:00 0 
65b00000-65be7000 rw-p 00000000 00:00 0 
65be7000-65c00000 ---p 00000000 00:00 0 
65c00000-65d00000 rw-p 00000000 00:00 0 
65d00000-65dfa000 rw-p 00000000 00:00 0 
65dfa000-65e00000 ---p 00000000 00:00 0 
65e00000-65ef2000 rw-p 00000000 00:00 0 
65ef2000-65f00000 ---p 00000000 00:00 0 
65f00000-65fe3000 rw-p 00000000 00:00 0 
65fe3000-66000000 ---p 00000000 00:00 0 
66100000-661f1000 rw-p 00000000 00:00 0 
661f1000-66200000 ---p 00000000 00:00 0 
66300000-663ff000 rw-p 00000000 00:00 0 
663ff000-66400000 ---p 00000000 00:00 0 
66500000-665fb000 rw-p 00000000 00:00 0 
665fb000-66600000 ---p 00000000 00:00 0 
66600000-666fc000 rw-p 00000000 00:00 0 
666fc000-66700000 ---p 00000000 00:00 0 
66700000-667fe000 rw-p 00000000 00:00 0 
667fe000-66800000 ---p 00000000 00:00 0 
66800000-668e2000 rw-p 00000000 00:00 0 
668e2000-66900000 ---p 00000000 00:00 0 
66900000-669e5000 rw-p 00000000 00:00 0 
669e5000-66a00000 ---p 00000000 00:00 0 
66b00000-66bfc000 rw-p 00000000 00:00 0 
66bfc000-66c00000 ---p 00000000 00:00 0 
66c2f000-66c32000 ---p 00000000 00:00 0 
66c32000-66c80000 rw-p 00000000 00:00 0          [stack:15230]
66c80000-66c83000 ---p 00000000 00:00 0 
66c83000-66cd1000 rw-p 00000000 00:00 0          [stack:15228]
66cd1000-66cd4000 ---p 00000000 00:00 0 
66cd4000-66d22000 rw-p 00000000 00:00 0          [stack:15227]
66d22000-66d25000 ---p 00000000 00:00 0 
66d25000-66d73000 rw-p 00000000 00:00 0          [stack:15226]
66d73000-66e7d000 r-xp 00000000 08:05 5243930    /lib/i386-linux-gnu/libglib-2.0.so.0.4002.0
66e7d000-66e7e000 r--p 00109000 08:05 5243930    /lib/i386-linux-gnu/libglib-2.0.so.0.4002.0
66e7e000-66e7f000 rw-p 0010a000 08:05 5243930    /lib/i386-linux-gnu/libglib-2.0.so.0.4002.0
66e7f000-66ffc000 r-xp 00000000 08:05 2626585    /usr/lib/i386-linux-gnu/libgio-2.0.so.0.4002.0
66ffc000-66ffe000 r--p 0017d000 08:05 2626585    /usr/lib/i386-linux-gnu/libgio-2.0.so.0.4002.0
66ffe000-66fff000 rw-p 0017f000 08:05 2626585    /usr/lib/i386-linux-gnu/libgio-2.0.so.0.4002.0
66fff000-67000000 rw-p 00000000 00:00 0 
67000000-670f9000 rw-p 00000000 00:00 0 
670f9000-67100000 ---p 00000000 00:00 0 
6714e000-67151000 ---p 00000000 00:00 0 
67151000-6719f000 rw-p 00000000 00:00 0          [stack:15225]
6719f000-671db000 r-xp 00000000 08:05 5243952    /lib/i386-linux-gnu/libpcre.so.3.13.1
671db000-671dc000 r--p 0003b000 08:05 5243952    /lib/i386-linux-gnu/libpcre.so.3.13.1
671dc000-671dd000 rw-p 0003c000 08:05 5243952    /lib/i386-linux-gnu/libpcre.so.3.13.1
671dd000-671fd000 r-xp 00000000 08:05 5244029    /lib/i386-linux-gnu/libselinux.so.1
671fd000-671fe000 r--p 0001f000 08:05 5244029    /lib/i386-linux-gnu/libselinux.so.1
671fe000-671ff000 rw-p 00020000 08:05 5244029    /lib/i386-linux-gnu/libselinux.so.1
671ff000-67200000 rw-p 00000000 00:00 0 
67200000-67289000 rw-p 00000000 00:00 0 
67289000-67300000 ---p 00000000 00:00 0 
67318000-67368000 r-xp 00000000 08:05 2626607    /usr/lib/i386-linux-gnu/libgobject-2.0.so.0.4002.0
67368000-67369000 r--p 0004f000 08:05 2626607    /usr/lib/i386-linux-gnu/libgobject-2.0.so.0.4002.0
67369000-6736a000 rw-p 00050000 08:05 2626607    /usr/lib/i386-linux-gnu/libgobject-2.0.so.0.4002.0
6736a000-6736b000 ---p 00000000 00:00 0 
6736b000-673eb000 rw-p 00000000 00:00 0          [stack:15206]
673eb000-673ee000 ---p 00000000 00:00 0 
673ee000-6743c000 rw-p 00000000 00:00 0          [stack:15205]
6743c000-6743f000 ---p 00000000 00:00 0 
6743f000-674bd000 rw-p 00000000 00:00 0          [stack:15204]
674bd000-674c0000 ---p 00000000 00:00 0 
674c0000-6753e000 rw-p 00000000 00:00 0          [stack:15203]
6753e000-67541000 ---p 00000000 00:00 0 
67541000-6758f000 rw-p 00000000 00:00 0          [stack:15202]
6758f000-675ce000 r--p 00277000 08:05 2629128    /usr/lib/locale/locale-archive
675ce000-67700000 r--p 0089a000 08:05 2629128    /usr/lib/locale/locale-archive
67700000-67900000 r--p 00000000 08:05 2629128    /usr/lib/locale/locale-archive
67900000-679f6000 rw-p 00000000 00:00 0 
679f6000-67a00000 ---p 00000000 00:00 0 
67a00000-67a2c000 rw-p 00000000 00:00 0 
67a2c000-67b00000 ---p 00000000 00:00 0 
67b00000-67c00000 rw-p 00000000 00:00 0 
67c0e000-67c4d000 r--p 00859000 08:05 2629128    /usr/lib/locale/locale-archive
67c4d000-67c4e000 ---p 00000000 00:00 0 
67c4e000-67cce000 rw-p 00000000 00:00 0          [stack:15199]
67cce000-67e80000 r--s 01d2e000 08:05 2629783    /usr/lib/jvm/java-7-openjdk-i386/jre/lib/rt.jar
67e80000-6a700000 rw-p 00000000 00:00 0 
6a700000-6a800000 rw-p 00000000 00:00 0 
6a801000-6a814000 r-xp 00000000 08:05 5247384    /lib/i386-linux-gnu/libresolv-2.19.so
6a814000-6a815000 ---p 00013000 08:05 5247384    /lib/i386-linux-gnu/libresolv-2.19.so
6a815000-6a816000 r--p 00013000 08:05 5247384    /lib/i386-linux-gnu/libresolv-2.19.so
6a816000-6a817000 rw-p 00014000 08:05 5247384    /lib/i386-linux-gnu/libresolv-2.19.so
6a817000-6a819000 rw-p 00000000 00:00 0 
6a82e000-6a831000 ---p 00000000 00:00 0 
6a831000-6a87f000 rw-p 00000000 00:00 0          [stack:15201]
6a87f000-6a880000 ---p 00000000 00:00 0 
6a880000-6a900000 rw-p 00000000 00:00 0          [stack:15198]
6a900000-6a921000 rw-p 00000000 00:00 0 
6a921000-6aa00000 ---p 00000000 00:00 0 
6aa14000-6aa2c000 r-xp 00000000 08:05 2630009    /usr/lib/jvm/java-7-openjdk-i386/jre/lib/i386/libnet.so
6aa2c000-6aa2d000 r--p 00017000 08:05 2630009    /usr/lib/jvm/java-7-openjdk-i386/jre/lib/i386/libnet.so
6aa2d000-6aa2e000 rw-p 00018000 08:05 2630009    /usr/lib/jvm/java-7-openjdk-i386/jre/lib/i386/libnet.so
6aa2e000-6aa31000 ---p 00000000 00:00 0 
6aa31000-6aa7f000 rw-p 00000000 00:00 0          [stack:15200]
6aa7f000-6aa80000 ---p 00000000 00:00 0 
6aa80000-6ab00000 rw-p 00000000 00:00 0          [stack:15197]
6ab00000-6ab21000 rw-p 00000000 00:00 0 
6ab21000-6ac00000 ---p 00000000 00:00 0 
6ac0b000-6ac1c000 r-xp 00000000 08:05 2629955    /usr/lib/jvm/java-7-openjdk-i386/jre/lib/i386/libnio.so
6ac1c000-6ac1d000 r--p 00010000 08:05 2629955    /usr/lib/jvm/java-7-openjdk-i386/jre/lib/i386/libnio.so
6ac1d000-6ac1e000 rw-p 00011000 08:05 2629955    /usr/lib/jvm/java-7-openjdk-i386/jre/lib/i386/libnio.so
6ac1e000-6ac36000 r--s 000f5000 00:19 1710445    /home/captainluma/AndroidStudioProjects/Campus-App/app/build/intermediates/exploded-aar/com.google.android.gms/play-services-ads/8.4.0/jars/classes.jar
6ac36000-6ac7f000 rw-p 00000000 00:00 0 
6ac7f000-6ac80000 ---p 00000000 00:00 0 
6ac80000-6ad00000 rw-p 00000000 00:00 0          [stack:15196]
6ad00000-6ad26000 rw-p 00000000 00:00 0 
6ad26000-6ae00000 ---p 00000000 00:00 0 
6ae01000-6ae06000 r-xp 00000000 08:05 2632172    /usr/lib/i386-linux-gnu/libffi.so.6.0.1
6ae06000-6ae07000 r--p 00005000 08:05 2632172    /usr/lib/i386-linux-gnu/libffi.so.6.0.1
6ae07000-6ae08000 rw-p 00006000 08:05 2632172    /usr/lib/i386-linux-gnu/libffi.so.6.0.1
6ae08000-6ae0b000 r-xp 00000000 08:05 2626595    /usr/lib/i386-linux-gnu/libgmodule-2.0.so.0.4002.0
6ae0b000-6ae0c000 r--p 00002000 08:05 2626595    /usr/lib/i386-linux-gnu/libgmodule-2.0.so.0.4002.0
6ae0c000-6ae0d000 rw-p 00003000 08:05 2626595    /usr/lib/i386-linux-gnu/libgmodule-2.0.so.0.4002.0
6ae0d000-6ae68000 rw-p 00000000 00:00 0 
6ae68000-6ae69000 ---p 00000000 00:00 0 
6ae69000-6aef1000 rw-p 00000000 00:00 0          [stack:15195]
6aef1000-6af29000 rw-p 00000000 00:00 0 
6af29000-6af88000 rw-p 00000000 00:00 0 
6af88000-6b07f000 rw-p 00000000 00:00 0 
6b07f000-6b087000 rw-p 00000000 00:00 0 
6b087000-6b0bf000 rw-p 00000000 00:00 0 
6b0bf000-6b11e000 rw-p 00000000 00:00 0 
6b11e000-6b214000 rw-p 00000000 00:00 0 
6b214000-6b2aa000 rw-p 00000000 00:00 0 
6b2aa000-6b2bf000 rw-p 00000000 00:00 0 
6b2bf000-6c2c0000 rw-p 00000000 00:00 0 
6c2c0000-732c0000 rw-p 00000000 00:00 0 
732c0000-7f000000 rw-p 00000000 00:00 0 
86540000-9dd40000 rw-p 00000000 00:00 0 
9dd40000-b0780000 rw-p 00000000 00:00 0 
b0780000-b32c0000 rw-p 00000000 00:00 0 
b32c4000-b32d3000 r--s 000df000 00:19 1839558    /home/captainluma/Android/Sdk/build-tools/23.0.2/lib/dx.jar
b32d3000-b32d7000 r--s 00085000 08:05 2629776    /usr/lib/jvm/java-7-openjdk-i386/jre/lib/ext/localedata.jar
b32d7000-b32da000 r--s 0000f000 08:05 2629777    /usr/lib/jvm/java-7-openjdk-i386/jre/lib/ext/icedtea-sound.jar
b32da000-b32de000 r--s 00034000 08:05 2629778    /usr/lib/jvm/java-7-openjdk-i386/jre/lib/ext/sunjce_provider.jar
b32de000-b3302000 rw-p 00000000 00:00 0 
b3302000-b33b9000 rw-p 00000000 00:00 0 
b33b9000-b35f9000 rwxp 00000000 00:00 0 
b35f9000-b63b9000 rw-p 00000000 00:00 0 
b63b9000-b63c4000 r-xp 00000000 08:05 5247386    /lib/i386-linux-gnu/libnss_files-2.19.so
b63c4000-b63c5000 r--p 0000a000 08:05 5247386    /lib/i386-linux-gnu/libnss_files-2.19.so
b63c5000-b63c6000 rw-p 0000b000 08:05 5247386    /lib/i386-linux-gnu/libnss_files-2.19.so
b63c6000-b63d0000 r-xp 00000000 08:05 5247372    /lib/i386-linux-gnu/libnss_nis-2.19.so
b63d0000-b63d1000 r--p 00009000 08:05 5247372    /lib/i386-linux-gnu/libnss_nis-2.19.so
b63d1000-b63d2000 rw-p 0000a000 08:05 5247372    /lib/i386-linux-gnu/libnss_nis-2.19.so
b63d2000-b63e7000 r-xp 00000000 08:05 5247373    /lib/i386-linux-gnu/libnsl-2.19.so
b63e7000-b63e8000 r--p 00015000 08:05 5247373    /lib/i386-linux-gnu/libnsl-2.19.so
b63e8000-b63e9000 rw-p 00016000 08:05 5247373    /lib/i386-linux-gnu/libnsl-2.19.so
b63e9000-b63eb000 rw-p 00000000 00:00 0 
b63eb000-b63ec000 r--s 00002000 08:05 2629780    /usr/lib/jvm/java-7-openjdk-i386/jre/lib/ext/dnsns.jar
b63ec000-b63ee000 r--s 00006000 08:05 2891630    /usr/share/java/java-atk-wrapper.jar
b63ee000-b63f6000 r-xp 00000000 08:05 2629965    /usr/lib/jvm/java-7-openjdk-i386/jre/lib/i386/libzip.so
b63f6000-b63f7000 r--p 00007000 08:05 2629965    /usr/lib/jvm/java-7-openjdk-i386/jre/lib/i386/libzip.so
b63f7000-b63f8000 rw-p 00008000 08:05 2629965    /usr/lib/jvm/java-7-openjdk-i386/jre/lib/i386/libzip.so
b63f8000-b6400000 rw-s 00000000 08:05 6960007    /tmp/hsperfdata_captainluma/15190
b6400000-b6500000 rw-p 00000000 00:00 0 
b6500000-b6504000 r--s 0003c000 08:05 2629779    /usr/lib/jvm/java-7-openjdk-i386/jre/lib/ext/sunpkcs11.jar
b6504000-b650b000 r-xp 00000000 08:05 5247378    /lib/i386-linux-gnu/libnss_compat-2.19.so
b650b000-b650c000 r--p 00006000 08:05 5247378    /lib/i386-linux-gnu/libnss_compat-2.19.so
b650c000-b650d000 rw-p 00007000 08:05 5247378    /lib/i386-linux-gnu/libnss_compat-2.19.so
b650d000-b6534000 r-xp 00000000 08:05 2629980    /usr/lib/jvm/java-7-openjdk-i386/jre/lib/i386/libjava.so
b6534000-b6535000 r--p 00026000 08:05 2629980    /usr/lib/jvm/java-7-openjdk-i386/jre/lib/i386/libjava.so
b6535000-b6536000 rw-p 00027000 08:05 2629980    /usr/lib/jvm/java-7-openjdk-i386/jre/lib/i386/libjava.so
b6536000-b653d000 r-xp 00000000 08:05 5247387    /lib/i386-linux-gnu/librt-2.19.so
b653d000-b653e000 r--p 00006000 08:05 5247387    /lib/i386-linux-gnu/librt-2.19.so
b653e000-b653f000 rw-p 00007000 08:05 5247387    /lib/i386-linux-gnu/librt-2.19.so
b653f000-b6542000 ---p 00000000 00:00 0 
b6542000-b6590000 rw-p 00000000 00:00 0          [stack:15194]
b6590000-b65ac000 r-xp 00000000 08:05 5265406    /lib/i386-linux-gnu/libgcc_s.so.1
b65ac000-b65ad000 rw-p 0001b000 08:05 5265406    /lib/i386-linux-gnu/libgcc_s.so.1
b65ad000-b65f1000 r-xp 00000000 08:05 5247377    /lib/i386-linux-gnu/libm-2.19.so
b65f1000-b65f2000 r--p 00043000 08:05 5247377    /lib/i386-linux-gnu/libm-2.19.so
b65f2000-b65f3000 rw-p 00044000 08:05 5247377    /lib/i386-linux-gnu/libm-2.19.so
b65f3000-b66cf000 r-xp 00000000 08:05 2625259    /usr/lib/i386-linux-gnu/libstdc++.so.6.0.19
b66cf000-b66d3000 r--p 000dc000 08:05 2625259    /usr/lib/i386-linux-gnu/libstdc++.so.6.0.19
b66d3000-b66d4000 rw-p 000e0000 08:05 2625259    /usr/lib/i386-linux-gnu/libstdc++.so.6.0.19
b66d4000-b66db000 rw-p 00000000 00:00 0 
b66db000-b70cf000 r-xp 00000000 08:05 2629989    /usr/lib/jvm/java-7-openjdk-i386/jre/lib/i386/server/libjvm.so
b70cf000-b70d0000 ---p 009f4000 08:05 2629989    /usr/lib/jvm/java-7-openjdk-i386/jre/lib/i386/server/libjvm.so
b70d0000-b7122000 r--p 009f4000 08:05 2629989    /usr/lib/jvm/java-7-openjdk-i386/jre/lib/i386/server/libjvm.so
b7122000-b7136000 rw-p 00a46000 08:05 2629989    /usr/lib/jvm/java-7-openjdk-i386/jre/lib/i386/server/libjvm.so
b7136000-b7554000 rw-p 00000000 00:00 0 
b7554000-b756c000 r-xp 00000000 08:05 5244060    /lib/i386-linux-gnu/libz.so.1.2.8
b756c000-b756d000 r--p 00017000 08:05 5244060    /lib/i386-linux-gnu/libz.so.1.2.8
b756d000-b756e000 rw-p 00018000 08:05 5244060    /lib/i386-linux-gnu/libz.so.1.2.8
b756e000-b7586000 r-xp 00000000 08:05 5247382    /lib/i386-linux-gnu/libpthread-2.19.so
b7586000-b7587000 r--p 00018000 08:05 5247382    /lib/i386-linux-gnu/libpthread-2.19.so
b7587000-b7588000 rw-p 00019000 08:05 5247382    /lib/i386-linux-gnu/libpthread-2.19.so
b7588000-b758a000 rw-p 00000000 00:00 0 
b758a000-b758d000 r-xp 00000000 08:05 5247247    /lib/i386-linux-gnu/libdl-2.19.so
b758d000-b758e000 r--p 00002000 08:05 5247247    /lib/i386-linux-gnu/libdl-2.19.so
b758e000-b758f000 rw-p 00003000 08:05 5247247    /lib/i386-linux-gnu/libdl-2.19.so
b758f000-b7737000 r-xp 00000000 08:05 5242906    /lib/i386-linux-gnu/libc-2.19.so
b7737000-b7739000 r--p 001a8000 08:05 5242906    /lib/i386-linux-gnu/libc-2.19.so
b7739000-b773a000 rw-p 001aa000 08:05 5242906    /lib/i386-linux-gnu/libc-2.19.so
b773a000-b773d000 rw-p 00000000 00:00 0 
b773d000-b773f000 r--s 00012000 08:05 2629775    /usr/lib/jvm/java-7-openjdk-i386/jre/lib/ext/zipfs.jar
b773f000-b7740000 r--p 0059a000 08:05 2629128    /usr/lib/locale/locale-archive
b7740000-b7741000 rw-p 00000000 00:00 0 
b7741000-b7742000 ---p 00000000 00:00 0 
b7742000-b7750000 r-xp 00000000 08:05 2630003    /usr/lib/jvm/java-7-openjdk-i386/jre/lib/i386/libverify.so
b7750000-b7751000 r--p 0000d000 08:05 2630003    /usr/lib/jvm/java-7-openjdk-i386/jre/lib/i386/libverify.so
b7751000-b7752000 rw-p 0000e000 08:05 2630003    /usr/lib/jvm/java-7-openjdk-i386/jre/lib/i386/libverify.so
b7752000-b775e000 r-xp 00000000 08:05 2630005    /usr/lib/jvm/java-7-openjdk-i386/jre/lib/i386/jli/libjli.so
b775e000-b775f000 r--p 0000c000 08:05 2630005    /usr/lib/jvm/java-7-openjdk-i386/jre/lib/i386/jli/libjli.so
b775f000-b7760000 rw-p 0000d000 08:05 2630005    /usr/lib/jvm/java-7-openjdk-i386/jre/lib/i386/jli/libjli.so
b7760000-b7763000 rw-p 00000000 00:00 0 
b7763000-b7764000 r-xp 00000000 00:00 0          [vdso]
b7764000-b7766000 r--p 00000000 00:00 0          [vvar]
b7766000-b7786000 r-xp 00000000 08:05 5247371    /lib/i386-linux-gnu/ld-2.19.so
b7786000-b7787000 r--p 0001f000 08:05 5247371    /lib/i386-linux-gnu/ld-2.19.so
b7787000-b7788000 rw-p 00020000 08:05 5247371    /lib/i386-linux-gnu/ld-2.19.so
bfc18000-bfc19000 rwxp 00000000 00:00 0 
bfc4b000-bfc6c000 rw-p 00000000 00:00 0          [stack]

VM Arguments:
jvm_args: -Djava.awt.headless=true -Xmx1024M -Dfile.encoding=UTF-8 -Duser.country=US -Duser.language=en -Duser.variant 
java_command: com.android.dx.command.Main --dex --num-threads=4 --output /home/captainluma/AndroidStudioProjects/Campus-App/app/build/intermediates/pre-dexed/debug/com.google.android.gms-play-services-ads-8.4.0_3440df113bd35227fe274579aa48357257c58fac.jar /home/captainluma/AndroidStudioProjects/Campus-App/app/build/intermediates/exploded-aar/com.google.android.gms/play-services-ads/8.4.0/jars/classes.jar
Launcher Type: SUN_STANDARD

Environment Variables:
PATH=/usr/local/sbin:/usr/local/bin:/usr/sbin:/usr/bin:/sbin:/bin:/usr/games:/usr/local/games
LD_LIBRARY_PATH=.:
SHELL=/bin/bash
DISPLAY=:0.0

Signal Handlers:
SIGSEGV: [libjvm.so+0x811920], sa_mask[0]=0x7ffbfeff, sa_flags=0x10000004
SIGBUS: [libjvm.so+0x811920], sa_mask[0]=0x7ffbfeff, sa_flags=0x10000004
SIGFPE: [libjvm.so+0x688d70], sa_mask[0]=0x7ffbfeff, sa_flags=0x10000004
SIGPIPE: [libjvm.so+0x688d70], sa_mask[0]=0x7ffbfeff, sa_flags=0x10000004
SIGXFSZ: [libjvm.so+0x688d70], sa_mask[0]=0x7ffbfeff, sa_flags=0x10000004
SIGILL: [libjvm.so+0x688d70], sa_mask[0]=0x7ffbfeff, sa_flags=0x10000004
SIGUSR1: SIG_DFL, sa_mask[0]=0x00000000, sa_flags=0x00000000
SIGUSR2: [libjvm.so+0x688c00], sa_mask[0]=0x00000004, sa_flags=0x10000004
SIGHUP: [libjvm.so+0x688e30], sa_mask[0]=0x7ffbfeff, sa_flags=0x10000004
SIGINT: [libjvm.so+0x688e30], sa_mask[0]=0x7ffbfeff, sa_flags=0x10000004
SIGTERM: [libjvm.so+0x688e30], sa_mask[0]=0x7ffbfeff, sa_flags=0x10000004
SIGQUIT: [libjvm.so+0x688e30], sa_mask[0]=0x7ffbfeff, sa_flags=0x10000004
SIGTRAP: SIG_DFL, sa_mask[0]=0x00000000, sa_flags=0x00000000


---------------  S Y S T E M  ---------------

OS:Ubuntu 14.04 (trusty)
uname:Linux 3.16.0-57-generic #77~14.04.1-Ubuntu SMP Thu Dec 17 23:20:32 UTC 2015 i686
libc:glibc 2.19 NPTL 2.19 
rlimit: STACK 8192k, CORE 0k, NPROC 31507, NOFILE 4096, AS infinity
load average:13,19 3,95 1,68

/proc/meminfo:
MemTotal:        4060880 kB
MemFree:          220128 kB
MemAvailable:     155700 kB
Buffers:            1544 kB
Cached:            58800 kB
SwapCached:            0 kB
Active:          3670728 kB
Inactive:          54128 kB
Active(anon):    3665812 kB
Inactive(anon):    27208 kB
Active(file):       4916 kB
Inactive(file):    26920 kB
Unevictable:          48 kB
Mlocked:              48 kB
HighTotal:       3201508 kB
HighFree:          40264 kB
LowTotal:         859372 kB
LowFree:          179864 kB
SwapTotal:             0 kB
SwapFree:              0 kB
Dirty:               152 kB
Writeback:             0 kB
AnonPages:       3664832 kB
Mapped:            49180 kB
Shmem:             28264 kB
Slab:              63060 kB
SReclaimable:      26740 kB
SUnreclaim:        36320 kB
KernelStack:        4664 kB
PageTables:        15400 kB
NFS_Unstable:          0 kB
Bounce:               40 kB
WritebackTmp:          0 kB
CommitLimit:     2030440 kB
Committed_AS:    5924564 kB
VmallocTotal:     122880 kB
VmallocUsed:       64696 kB
VmallocChunk:      39084 kB
AnonHugePages:   2379776 kB
HugePages_Total:       0
HugePages_Free:        0
HugePages_Rsvd:        0
HugePages_Surp:        0
Hugepagesize:       2048 kB
DirectMap4k:       55288 kB
DirectMap2M:      854016 kB


CPU:total 4 (2 cores per cpu, 2 threads per core) family 6 model 37 stepping 5, cmov, cx8, fxsr, mmx, sse, sse2, sse3, ssse3, sse4.1, sse4.2, popcnt, ht, tsc, tscinvbit

/proc/cpuinfo:
processor	: 0
vendor_id	: GenuineIntel
cpu family	: 6
model		: 37
model name	: Intel(R) Core(TM) i5 CPU       M 450  @ 2.40GHz
stepping	: 5
microcode	: 0x2
cpu MHz		: 2400.000
cache size	: 3072 KB
physical id	: 0
siblings	: 4
core id		: 0
cpu cores	: 2
apicid		: 0
initial apicid	: 0
fdiv_bug	: no
f00f_bug	: no
coma_bug	: no
fpu		: yes
fpu_exception	: yes
cpuid level	: 11
wp		: yes
flags		: fpu vme de pse tsc msr pae mce cx8 apic sep mtrr pge mca cmov pat pse36 clflush dts acpi mmx fxsr sse sse2 ss ht tm pbe nx rdtscp lm constant_tsc arch_perfmon pebs bts xtopology nonstop_tsc aperfmperf pni dtes64 monitor ds_cpl vmx est tm2 ssse3 cx16 xtpr pdcm pcid sse4_1 sse4_2 popcnt lahf_lm ida arat dtherm tpr_shadow vnmi flexpriority ept vpid
bogomips	: 4788.07
clflush size	: 64
cache_alignment	: 64
address sizes	: 36 bits physical, 48 bits virtual
power management:

processor	: 1
vendor_id	: GenuineIntel
cpu family	: 6
model		: 37
model name	: Intel(R) Core(TM) i5 CPU       M 450  @ 2.40GHz
stepping	: 5
microcode	: 0x2
cpu MHz		: 2400.000
cache size	: 3072 KB
physical id	: 0
siblings	: 4
core id		: 2
cpu cores	: 2
apicid		: 4
initial apicid	: 4
fdiv_bug	: no
f00f_bug	: no
coma_bug	: no
fpu		: yes
fpu_exception	: yes
cpuid level	: 11
wp		: yes
flags		: fpu vme de pse tsc msr pae mce cx8 apic sep mtrr pge mca cmov pat pse36 clflush dts acpi mmx fxsr sse sse2 ss ht tm pbe nx rdtscp lm constant_tsc arch_perfmon pebs bts xtopology nonstop_tsc aperfmperf pni dtes64 monitor ds_cpl vmx est tm2 ssse3 cx16 xtpr pdcm pcid sse4_1 sse4_2 popcnt lahf_lm ida arat dtherm tpr_shadow vnmi flexpriority ept vpid
bogomips	: 4788.07
clflush size	: 64
cache_alignment	: 64
address sizes	: 36 bits physical, 48 bits virtual
power management:

processor	: 2
vendor_id	: GenuineIntel
cpu family	: 6
model		: 37
model name	: Intel(R) Core(TM) i5 CPU       M 450  @ 2.40GHz
stepping	: 5
microcode	: 0x2
cpu MHz		: 2400.000
cache size	: 3072 KB
physical id	: 0
siblings	: 4
core id		: 0
cpu cores	: 2
apicid		: 1
initial apicid	: 1
fdiv_bug	: no
f00f_bug	: no
coma_bug	: no
fpu		: yes
fpu_exception	: yes
cpuid level	: 11
wp		: yes
flags		: fpu vme de pse tsc msr pae mce cx8 apic sep mtrr pge mca cmov pat pse36 clflush dts acpi mmx fxsr sse sse2 ss ht tm pbe nx rdtscp lm constant_tsc arch_perfmon pebs bts xtopology nonstop_tsc aperfmperf pni dtes64 monitor ds_cpl vmx est tm2 ssse3 cx16 xtpr pdcm pcid sse4_1 sse4_2 popcnt lahf_lm ida arat dtherm tpr_shadow vnmi flexpriority ept vpid
bogomips	: 4788.07
clflush size	: 64
cache_alignment	: 64
address sizes	: 36 bits physical, 48 bits virtual
power management:

processor	: 3
vendor_id	: GenuineIntel
cpu family	: 6
model		: 37
model name	: Intel(R) Core(TM) i5 CPU       M 450  @ 2.40GHz
stepping	: 5
microcode	: 0x2
cpu MHz		: 2400.000
cache size	: 3072 KB
physical id	: 0
siblings	: 4
core id		: 2
cpu cores	: 2
apicid		: 5
initial apicid	: 5
fdiv_bug	: no
f00f_bug	: no
coma_bug	: no
fpu		: yes
fpu_exception	: yes
cpuid level	: 11
wp		: yes
flags		: fpu vme de pse tsc msr pae mce cx8 apic sep mtrr pge mca cmov pat pse36 clflush dts acpi mmx fxsr sse sse2 ss ht tm pbe nx rdtscp lm constant_tsc arch_perfmon pebs bts xtopology nonstop_tsc aperfmperf pni dtes64 monitor ds_cpl vmx est tm2 ssse3 cx16 xtpr pdcm pcid sse4_1 sse4_2 popcnt lahf_lm ida arat dtherm tpr_shadow vnmi flexpriority ept vpid
bogomips	: 4788.07
clflush size	: 64
cache_alignment	: 64
address sizes	: 36 bits physical, 48 bits virtual
power management:



Memory: 4k page, physical 4060880k(220128k free), swap 0k(0k free)

vm_info: OpenJDK Server VM (24.91-b01) for linux-x86 JRE (1.7.0_91-b02), built on Nov 19 2015 06:19:32 by "buildd" with gcc 4.8.2

time: Sat Jan 16 23:20:09 2016
elapsed time: 40 seconds

