#
# There is insufficient memory for the Java Runtime Environment to continue.
# Native memory allocation (malloc) failed to allocate 32768 bytes for committing reserved memory.
# Possible reasons:
#   The system is out of physical RAM or swap space
#   In 32 bit mode, the process size limit was hit
# Possible solutions:
#   Reduce memory load on the system
#   Increase physical memory or swap space
#   Check if swap backing store is full
#   Use 64 bit Java on a 64 bit OS
#   Decrease Java heap size (-Xmx/-Xms)
#   Decrease number of Java threads
#   Decrease Java thread stack sizes (-Xss)
#   Set larger code cache with -XX:ReservedCodeCacheSize=
# This output file may be truncated or incomplete.
#
#  Out of Memory Error (os_linux.cpp:2827), pid=15933, tid=1733548864
#
# JRE version: OpenJDK Runtime Environment (7.0_91-b02) (build 1.7.0_91-b02)
# Java VM: OpenJDK Server VM (24.91-b01 mixed mode linux-x86 )
# Derivative: IcedTea 2.6.3
# Distribution: Ubuntu 14.04 LTS, package 7u91-2.6.3-0ubuntu0.14.04.1
# Failed to write core dump. Core dumps have been disabled. To enable core dumping, try "ulimit -c unlimited" before starting Java again
#

---------------  T H R E A D  ---------------

Current thread (0x67b99800):  JavaThread "C2 CompilerThread0" daemon [_thread_in_vm, id=15947, stack(0x674bd000,0x6753e000)]

Stack: [0x674bd000,0x6753e000]

Current CompileTask:
C2:  28039  662             com.android.dx.dex.code.RopTranslator$LocalVariableAwareTranslationVisitor::visitThrowingCstInsn (11 bytes)


---------------  P R O C E S S  ---------------

Java Threads: ( => current thread )
  0x67b9d000 JavaThread "Service Thread" daemon [_thread_blocked, id=15949, stack(0x673eb000,0x6743c000)]
  0x67b9b800 JavaThread "C2 CompilerThread1" daemon [_thread_in_native, id=15948, stack(0x6743c000,0x674bd000)]
=>0x67b99800 JavaThread "C2 CompilerThread0" daemon [_thread_in_vm, id=15947, stack(0x674bd000,0x6753e000)]
  0x67b97c00 JavaThread "Signal Dispatcher" daemon [_thread_blocked, id=15946, stack(0x6753e000,0x6758f000)]
  0x67b84800 JavaThread "Finalizer" daemon [_thread_blocked, id=15945, stack(0x6a82e000,0x6a87f000)]
  0x67b82c00 JavaThread "Reference Handler" daemon [_thread_blocked, id=15943, stack(0x6aa2e000,0x6aa7f000)]
  0xb6407c00 JavaThread "main" [_thread_in_vm, id=15935, stack(0xb650a000,0xb655b000)]

Other Threads:
  0x67b80400 VMThread [stack: 0x67c4d000,0x67cce000] [id=15942]
  0x67b9f000 WatcherThread [stack: 0x6736a000,0x673eb000] [id=15950]

VM state:not at safepoint (normal execution)

VM Mutex/Monitor currently owned by a thread:  ([mutex/lock_event])
[0xb64048f8] CodeCache_lock - owner thread: 0x67b99800
[0xb6405ba8] Compile_lock - owner thread: 0x67b99800
[0xb6405c78] MethodCompileQueue_lock - owner thread: 0x67b99800

Heap
 PSYoungGen      total 137984K, used 20478K [0x9dd40000, 0xa7dc0000, 0xb32c0000)
  eden space 123136K, 4% used [0x9dd40000,0x9e2c3080,0xa5580000)
  from space 14848K, 99% used [0xa67c0000,0xa763c890,0xa7640000)
  to   space 18688K, 0% used [0xa5580000,0xa5580000,0xa67c0000)
 ParOldGen       total 42240K, used 23224K [0x732c0000, 0x75c00000, 0x9dd40000)
  object space 42240K, 54% used [0x732c0000,0x7496e310,0x75c00000)
 PSPermGen       total 16384K, used 4424K [0x6b2c0000, 0x6c2c0000, 0x732c0000)
  object space 16384K, 27% used [0x6b2c0000,0x6b712100,0x6c2c0000)

Card table byte_map: [0x6b07f000,0x6b2c0000] byte_map_base: 0x6ad25a00

Polling page: 0xb770c000

Code Cache  [0xb3387000, 0xb35cf000, 0xb6387000)
 total_blobs=775 nmethods=650 adapters=76 free_code_cache=46861Kb largest_free_block=47951104

Compilation events (10 events):
Event: 27,444 Thread 0x67b99800 nmethod 657 0xb35b6308 code [0xb35b63e0, 0xb35b6430]
Event: 27,444 Thread 0x67b99800  658             com.android.dx.rop.type.Prototype::<init> (67 bytes)
Event: 27,445 Thread 0x67b99800 nmethod 658 0xb35b6088 code [0xb35b6180, 0xb35b6250]
Event: 27,445 Thread 0x67b99800  659   !         com.android.dx.rop.type.Prototype::putIntern (50 bytes)
Event: 27,558 Thread 0x67b99800 nmethod 659 0xb35bd908 code [0xb35bdb00, 0xb35be79c]
Event: 27,558 Thread 0x67b99800  660             com.android.dx.rop.code.Insn$BaseVisitor::visitThrowingCstInsn (1 bytes)
Event: 27,559 Thread 0x67b99800 nmethod 660 0xb35b7e88 code [0xb35b7f60, 0xb35b7fb0]
Event: 27,559 Thread 0x67b99800  661             com.android.dx.ssa.PhiTypeResolver::resolveResultType (308 bytes)
Event: 27,813 Thread 0x67b99800 nmethod 661 0xb35c5b88 code [0xb35c5e60, 0xb35c71ec]
Event: 27,814 Thread 0x67b99800  662             com.android.dx.dex.code.RopTranslator$LocalVariableAwareTranslationVisitor::visitThrowingCstInsn (11 bytes)

GC Heap History (10 events):
Event: 5,367 GC heap before
{Heap before GC invocations=4 (full 0):
 PSYoungGen      total 18688K, used 18672K [0x9dd40000, 0xa01c0000, 0xb32c0000)
  eden space 16128K, 100% used [0x9dd40000,0x9ed00000,0x9ed00000)
  from space 2560K, 99% used [0x9ed00000,0x9ef7c0d0,0x9ef80000)
  to   space 2560K, 0% used [0x9ff40000,0x9ff40000,0xa01c0000)
 ParOldGen       total 42240K, used 4300K [0x732c0000, 0x75c00000, 0x9dd40000)
  object space 42240K, 10% used [0x732c0000,0x736f3388,0x75c00000)
 PSPermGen       total 16384K, used 4185K [0x6b2c0000, 0x6c2c0000, 0x732c0000)
  object space 16384K, 25% used [0x6b2c0000,0x6b6d65a8,0x6c2c0000)
Event: 5,436 GC heap after
Heap after GC invocations=4 (full 0):
 PSYoungGen      total 34816K, used 2552K [0x9dd40000, 0xa01c0000, 0xb32c0000)
  eden space 32256K, 0% used [0x9dd40000,0x9dd40000,0x9fcc0000)
  from space 2560K, 99% used [0x9ff40000,0xa01be140,0xa01c0000)
  to   space 2560K, 0% used [0x9fcc0000,0x9fcc0000,0x9ff40000)
 ParOldGen       total 42240K, used 7884K [0x732c0000, 0x75c00000, 0x9dd40000)
  object space 42240K, 18% used [0x732c0000,0x73a73258,0x75c00000)
 PSPermGen       total 16384K, used 4185K [0x6b2c0000, 0x6c2c0000, 0x732c0000)
  object space 16384K, 25% used [0x6b2c0000,0x6b6d65a8,0x6c2c0000)
}
Event: 8,015 GC heap before
{Heap before GC invocations=5 (full 0):
 PSYoungGen      total 34816K, used 34808K [0x9dd40000, 0xa01c0000, 0xb32c0000)
  eden space 32256K, 100% used [0x9dd40000,0x9fcc0000,0x9fcc0000)
  from space 2560K, 99% used [0x9ff40000,0xa01be140,0xa01c0000)
  to   space 2560K, 0% used [0x9fcc0000,0x9fcc0000,0x9ff40000)
 ParOldGen       total 42240K, used 7884K [0x732c0000, 0x75c00000, 0x9dd40000)
  object space 42240K, 18% used [0x732c0000,0x73a73258,0x75c00000)
 PSPermGen       total 16384K, used 4204K [0x6b2c0000, 0x6c2c0000, 0x732c0000)
  object space 16384K, 25% used [0x6b2c0000,0x6b6db3b0,0x6c2c0000)
Event: 8,078 GC heap after
Heap after GC invocations=5 (full 0):
 PSYoungGen      total 34816K, used 2550K [0x9dd40000, 0xa2dc0000, 0xb32c0000)
  eden space 32256K, 0% used [0x9dd40000,0x9dd40000,0x9fcc0000)
  from space 2560K, 99% used [0x9fcc0000,0x9ff3d8e8,0x9ff40000)
  to   space 8960K, 0% used [0xa2500000,0xa2500000,0xa2dc0000)
 ParOldGen       total 42240K, used 13153K [0x732c0000, 0x75c00000, 0x9dd40000)
  object space 42240K, 31% used [0x732c0000,0x73f985c8,0x75c00000)
 PSPermGen       total 16384K, used 4204K [0x6b2c0000, 0x6c2c0000, 0x732c0000)
  object space 16384K, 25% used [0x6b2c0000,0x6b6db3b0,0x6c2c0000)
}
Event: 9,849 GC heap before
{Heap before GC invocations=6 (full 0):
 PSYoungGen      total 34816K, used 34806K [0x9dd40000, 0xa2dc0000, 0xb32c0000)
  eden space 32256K, 100% used [0x9dd40000,0x9fcc0000,0x9fcc0000)
  from space 2560K, 99% used [0x9fcc0000,0x9ff3d8e8,0x9ff40000)
  to   space 8960K, 0% used [0xa2500000,0xa2500000,0xa2dc0000)
 ParOldGen       total 42240K, used 13153K [0x732c0000, 0x75c00000, 0x9dd40000)
  object space 42240K, 31% used [0x732c0000,0x73f985c8,0x75c00000)
 PSPermGen       total 16384K, used 4226K [0x6b2c0000, 0x6c2c0000, 0x732c0000)
  object space 16384K, 25% used [0x6b2c0000,0x6b6e0a10,0x6c2c0000)
Event: 9,925 GC heap after
Heap after GC invocations=6 (full 0):
 PSYoungGen      total 72448K, used 7828K [0x9dd40000, 0xa2fc0000, 0xb32c0000)
  eden space 63488K, 0% used [0x9dd40000,0x9dd40000,0xa1b40000)
  from space 8960K, 87% used [0xa2500000,0xa2ca51f0,0xa2dc0000)
  to   space 9984K, 0% used [0xa1b40000,0xa1b40000,0xa2500000)
 ParOldGen       total 42240K, used 13153K [0x732c0000, 0x75c00000, 0x9dd40000)
  object space 42240K, 31% used [0x732c0000,0x73f985c8,0x75c00000)
 PSPermGen       total 16384K, used 4226K [0x6b2c0000, 0x6c2c0000, 0x732c0000)
  object space 16384K, 25% used [0x6b2c0000,0x6b6e0a10,0x6c2c0000)
}
Event: 12,875 GC heap before
{Heap before GC invocations=7 (full 0):
 PSYoungGen      total 72448K, used 71316K [0x9dd40000, 0xa2fc0000, 0xb32c0000)
  eden space 63488K, 100% used [0x9dd40000,0xa1b40000,0xa1b40000)
  from space 8960K, 87% used [0xa2500000,0xa2ca51f0,0xa2dc0000)
  to   space 9984K, 0% used [0xa1b40000,0xa1b40000,0xa2500000)
 ParOldGen       total 42240K, used 13153K [0x732c0000, 0x75c00000, 0x9dd40000)
  object space 42240K, 31% used [0x732c0000,0x73f985c8,0x75c00000)
 PSPermGen       total 16384K, used 4246K [0x6b2c0000, 0x6c2c0000, 0x732c0000)
  object space 16384K, 25% used [0x6b2c0000,0x6b6e5a10,0x6c2c0000)
Event: 13,061 GC heap after
Heap after GC invocations=7 (full 0):
 PSYoungGen      total 73472K, used 9968K [0x9dd40000, 0xa7640000, 0xb32c0000)
  eden space 63488K, 0% used [0x9dd40000,0x9dd40000,0xa1b40000)
  from space 9984K, 99% used [0xa1b40000,0xa24fc318,0xa2500000)
  to   space 14848K, 0% used [0xa67c0000,0xa67c0000,0xa7640000)
 ParOldGen       total 42240K, used 20012K [0x732c0000, 0x75c00000, 0x9dd40000)
  object space 42240K, 47% used [0x732c0000,0x7464b150,0x75c00000)
 PSPermGen       total 16384K, used 4246K [0x6b2c0000, 0x6c2c0000, 0x732c0000)
  object space 16384K, 25% used [0x6b2c0000,0x6b6e5a10,0x6c2c0000)
}
Event: 23,101 GC heap before
{Heap before GC invocations=8 (full 0):
 PSYoungGen      total 73472K, used 73456K [0x9dd40000, 0xa7640000, 0xb32c0000)
  eden space 63488K, 100% used [0x9dd40000,0xa1b40000,0xa1b40000)
  from space 9984K, 99% used [0xa1b40000,0xa24fc318,0xa2500000)
  to   space 14848K, 0% used [0xa67c0000,0xa67c0000,0xa7640000)
 ParOldGen       total 42240K, used 20012K [0x732c0000, 0x75c00000, 0x9dd40000)
  object space 42240K, 47% used [0x732c0000,0x7464b150,0x75c00000)
 PSPermGen       total 16384K, used 4379K [0x6b2c0000, 0x6c2c0000, 0x732c0000)
  object space 16384K, 26% used [0x6b2c0000,0x6b706f38,0x6c2c0000)
Event: 23,269 GC heap after
Heap after GC invocations=8 (full 0):
 PSYoungGen      total 137984K, used 14834K [0x9dd40000, 0xa7dc0000, 0xb32c0000)
  eden space 123136K, 0% used [0x9dd40000,0x9dd40000,0xa5580000)
  from space 14848K, 99% used [0xa67c0000,0xa763c890,0xa7640000)
  to   space 18688K, 0% used [0xa5580000,0xa5580000,0xa67c0000)
 ParOldGen       total 42240K, used 23224K [0x732c0000, 0x75c00000, 0x9dd40000)
  object space 42240K, 54% used [0x732c0000,0x7496e310,0x75c00000)
 PSPermGen       total 16384K, used 4379K [0x6b2c0000, 0x6c2c0000, 0x732c0000)
  object space 16384K, 26% used [0x6b2c0000,0x6b706f38,0x6c2c0000)
}

Deoptimization events (10 events):
Event: 20,740 Thread 0xb6407c00 Uncommon trap: reason=class_check action=maybe_recompile pc=0xb3402ccc method=com.android.dx.util.FixedSizeList.equals(Ljava/lang/Object;)Z @ 25
Event: 20,740 Thread 0xb6407c00 Uncommon trap: reason=class_check action=maybe_recompile pc=0xb3407a7c method=java.util.Arrays.equals([Ljava/lang/Object;[Ljava/lang/Object;)Z @ 62
Event: 20,740 Thread 0xb6407c00 Uncommon trap: reason=class_check action=maybe_recompile pc=0xb3402ccc method=com.android.dx.util.FixedSizeList.equals(Ljava/lang/Object;)Z @ 25
Event: 20,740 Thread 0xb6407c00 Uncommon trap: reason=class_check action=maybe_recompile pc=0xb3407a7c method=java.util.Arrays.equals([Ljava/lang/Object;[Ljava/lang/Object;)Z @ 62
Event: 20,740 Thread 0xb6407c00 Uncommon trap: reason=class_check action=maybe_recompile pc=0xb3402ccc method=com.android.dx.util.FixedSizeList.equals(Ljava/lang/Object;)Z @ 25
Event: 20,740 Thread 0xb6407c00 Uncommon trap: reason=class_check action=maybe_recompile pc=0xb3407a7c method=java.util.Arrays.equals([Ljava/lang/Object;[Ljava/lang/Object;)Z @ 62
Event: 20,740 Thread 0xb6407c00 Uncommon trap: reason=class_check action=maybe_recompile pc=0xb3402ccc method=com.android.dx.util.FixedSizeList.equals(Ljava/lang/Object;)Z @ 25
Event: 20,740 Thread 0xb6407c00 Uncommon trap: reason=class_check action=maybe_recompile pc=0xb3407a7c method=java.util.Arrays.equals([Ljava/lang/Object;[Ljava/lang/Object;)Z @ 62
Event: 20,743 Thread 0xb6407c00 Uncommon trap: reason=unstable_if action=reinterpret pc=0xb34bca80 method=com.android.dx.rop.code.RegisterSpecSet.equals(Ljava/lang/Object;)Z @ 30
Event: 20,753 Thread 0xb6407c00 Uncommon trap: reason=unstable_if action=reinterpret pc=0xb34d69e0 method=java.util.TreeMap.put(Ljava/lang/Object;Ljava/lang/Object;)Ljava/lang/Object; @ 163

Internal exceptions (10 events):
Event: 20,740 Thread 0xb6407c00 Threw 0xa18ffc48 at /build/openjdk-7-8Khev_/openjdk-7-7u91-2.6.3/build/openjdk/hotspot/src/share/vm/prims/jvm.cpp:1322
Event: 20,741 Thread 0xb6407c00 Threw 0xa1903368 at /build/openjdk-7-8Khev_/openjdk-7-7u91-2.6.3/build/openjdk/hotspot/src/share/vm/prims/jvm.cpp:1322
Event: 20,742 Thread 0xb6407c00 Threw 0xa1906ae0 at /build/openjdk-7-8Khev_/openjdk-7-7u91-2.6.3/build/openjdk/hotspot/src/share/vm/prims/jvm.cpp:1322
Event: 21,401 Thread 0xb6407c00 Threw 0xa19c55e0 at /build/openjdk-7-8Khev_/openjdk-7-7u91-2.6.3/build/openjdk/hotspot/src/share/vm/prims/jvm.cpp:1322
Event: 26,425 Thread 0xb6407c00 Threw 0x9e01e210 at /build/openjdk-7-8Khev_/openjdk-7-7u91-2.6.3/build/openjdk/hotspot/src/share/vm/prims/jvm.cpp:1322
Event: 26,491 Thread 0xb6407c00 Threw 0x9e02a480 at /build/openjdk-7-8Khev_/openjdk-7-7u91-2.6.3/build/openjdk/hotspot/src/share/vm/prims/jvm.cpp:1322
Event: 26,494 Thread 0xb6407c00 Threw 0x9e02d720 at /build/openjdk-7-8Khev_/openjdk-7-7u91-2.6.3/build/openjdk/hotspot/src/share/vm/prims/jvm.cpp:1322
Event: 26,536 Thread 0xb6407c00 Threw 0x9e0e6a08 at /build/openjdk-7-8Khev_/openjdk-7-7u91-2.6.3/build/openjdk/hotspot/src/share/vm/prims/jvm.cpp:1322
Event: 26,976 Thread 0xb6407c00 Threw 0x9e23aa50 at /build/openjdk-7-8Khev_/openjdk-7-7u91-2.6.3/build/openjdk/hotspot/src/share/vm/prims/jvm.cpp:1322
Event: 27,183 Thread 0xb6407c00 Threw 0x9e2acc98 at /build/openjdk-7-8Khev_/openjdk-7-7u91-2.6.3/build/openjdk/hotspot/src/share/vm/prims/jvm.cpp:1322

Events (10 events):
Event: 26,491 loading class 0x67259fb0
Event: 26,491 loading class 0x67259fb0 done
Event: 26,494 loading class 0x67259ff0
Event: 26,494 loading class 0x67259ff0 done
Event: 26,536 loading class 0x08212ca0
Event: 26,536 loading class 0x08212ca0 done
Event: 26,976 loading class 0x6720e450
Event: 26,976 loading class 0x6720e450 done
Event: 27,183 loading class 0x67bfc438
Event: 27,183 loading class 0x67bfc438 done


Dynamic libraries:
08048000-08049000 r-xp 00000000 08:05 2623258    /usr/lib/jvm/java-7-openjdk-i386/jre/bin/java
08049000-0804a000 r--p 00000000 08:05 2623258    /usr/lib/jvm/java-7-openjdk-i386/jre/bin/java
0804a000-0804b000 rw-p 00001000 08:05 2623258    /usr/lib/jvm/java-7-openjdk-i386/jre/bin/java
0820c000-0831c000 rw-p 00000000 00:00 0          [heap]
64e00000-64ea0000 rw-p 00000000 00:00 0 
64ea0000-64f00000 ---p 00000000 00:00 0 
65000000-650e2000 rw-p 00000000 00:00 0 
650e2000-65100000 ---p 00000000 00:00 0 
65200000-652c9000 rw-p 00000000 00:00 0 
652c9000-65300000 ---p 00000000 00:00 0 
65300000-653fc000 rw-p 00000000 00:00 0 
653fc000-65400000 ---p 00000000 00:00 0 
65400000-654ef000 rw-p 00000000 00:00 0 
654ef000-65500000 ---p 00000000 00:00 0 
65600000-656ee000 rw-p 00000000 00:00 0 
656ee000-65700000 ---p 00000000 00:00 0 
65700000-657e2000 rw-p 00000000 00:00 0 
657e2000-65800000 ---p 00000000 00:00 0 
65800000-658fe000 rw-p 00000000 00:00 0 
658fe000-65900000 ---p 00000000 00:00 0 
65a00000-65afe000 rw-p 00000000 00:00 0 
65afe000-65b00000 ---p 00000000 00:00 0 
65c00000-65cfb000 rw-p 00000000 00:00 0 
65cfb000-65d00000 ---p 00000000 00:00 0 
65e00000-65eee000 rw-p 00000000 00:00 0 
65eee000-65f00000 ---p 00000000 00:00 0 
65f00000-65ffd000 rw-p 00000000 00:00 0 
65ffd000-66000000 ---p 00000000 00:00 0 
66000000-66100000 rw-p 00000000 00:00 0 
66200000-66300000 rw-p 00000000 00:00 0 
66300000-66400000 rw-p 00000000 00:00 0 
66400000-664fa000 rw-p 00000000 00:00 0 
664fa000-66500000 ---p 00000000 00:00 0 
66500000-665fb000 rw-p 00000000 00:00 0 
665fb000-66600000 ---p 00000000 00:00 0 
66600000-666f2000 rw-p 00000000 00:00 0 
666f2000-66700000 ---p 00000000 00:00 0 
66800000-668fd000 rw-p 00000000 00:00 0 
668fd000-66900000 ---p 00000000 00:00 0 
66900000-669fc000 rw-p 00000000 00:00 0 
669fc000-66a00000 ---p 00000000 00:00 0 
66a00000-66b00000 rw-p 00000000 00:00 0 
66b80000-66c00000 rw-p 00000000 00:00 0 
66c00000-66cf6000 rw-p 00000000 00:00 0 
66cf6000-66d00000 ---p 00000000 00:00 0 
66d7d000-66d80000 ---p 00000000 00:00 0 
66d80000-66dce000 rw-p 00000000 00:00 0 
66dce000-66dd1000 ---p 00000000 00:00 0 
66dd1000-66e1f000 rw-p 00000000 00:00 0 
66e1f000-66e22000 ---p 00000000 00:00 0 
66e22000-66e70000 rw-p 00000000 00:00 0 
66e70000-66e73000 ---p 00000000 00:00 0 
66e73000-66ec1000 rw-p 00000000 00:00 0 
66ec1000-66ec4000 ---p 00000000 00:00 0 
66ec4000-66f12000 rw-p 00000000 00:00 0 
66f12000-66f4e000 r-xp 00000000 08:05 5243952    /lib/i386-linux-gnu/libpcre.so.3.13.1
66f4e000-66f4f000 r--p 0003b000 08:05 5243952    /lib/i386-linux-gnu/libpcre.so.3.13.1
66f4f000-66f50000 rw-p 0003c000 08:05 5243952    /lib/i386-linux-gnu/libpcre.so.3.13.1
66f50000-66f70000 r-xp 00000000 08:05 5244029    /lib/i386-linux-gnu/libselinux.so.1
66f70000-66f71000 r--p 0001f000 08:05 5244029    /lib/i386-linux-gnu/libselinux.so.1
66f71000-66f72000 rw-p 00020000 08:05 5244029    /lib/i386-linux-gnu/libselinux.so.1
66f72000-66f73000 rw-p 00000000 00:00 0 
66f73000-6707d000 r-xp 00000000 08:05 5243930    /lib/i386-linux-gnu/libglib-2.0.so.0.4002.0
6707d000-6707e000 r--p 00109000 08:05 5243930    /lib/i386-linux-gnu/libglib-2.0.so.0.4002.0
6707e000-6707f000 rw-p 0010a000 08:05 5243930    /lib/i386-linux-gnu/libglib-2.0.so.0.4002.0
6707f000-671fc000 r-xp 00000000 08:05 2626585    /usr/lib/i386-linux-gnu/libgio-2.0.so.0.4002.0
671fc000-671fe000 r--p 0017d000 08:05 2626585    /usr/lib/i386-linux-gnu/libgio-2.0.so.0.4002.0
671fe000-671ff000 rw-p 0017f000 08:05 2626585    /usr/lib/i386-linux-gnu/libgio-2.0.so.0.4002.0
671ff000-67200000 rw-p 00000000 00:00 0 
67200000-67293000 rw-p 00000000 00:00 0 
67293000-67300000 ---p 00000000 00:00 0 
67300000-67313000 r-xp 00000000 08:05 5247384    /lib/i386-linux-gnu/libresolv-2.19.so
67313000-67314000 ---p 00013000 08:05 5247384    /lib/i386-linux-gnu/libresolv-2.19.so
67314000-67315000 r--p 00013000 08:05 5247384    /lib/i386-linux-gnu/libresolv-2.19.so
67315000-67316000 rw-p 00014000 08:05 5247384    /lib/i386-linux-gnu/libresolv-2.19.so
67316000-67318000 rw-p 00000000 00:00 0 
67318000-67368000 r-xp 00000000 08:05 2626607    /usr/lib/i386-linux-gnu/libgobject-2.0.so.0.4002.0
67368000-67369000 r--p 0004f000 08:05 2626607    /usr/lib/i386-linux-gnu/libgobject-2.0.so.0.4002.0
67369000-6736a000 rw-p 00050000 08:05 2626607    /usr/lib/i386-linux-gnu/libgobject-2.0.so.0.4002.0
6736a000-6736b000 ---p 00000000 00:00 0 
6736b000-673eb000 rw-p 00000000 00:00 0          [stack:15950]
673eb000-673ee000 ---p 00000000 00:00 0 
673ee000-6743c000 rw-p 00000000 00:00 0          [stack:15949]
6743c000-6743f000 ---p 00000000 00:00 0 
6743f000-674bd000 rw-p 00000000 00:00 0          [stack:15948]
674bd000-674c0000 ---p 00000000 00:00 0 
674c0000-6753e000 rw-p 00000000 00:00 0          [stack:15947]
6753e000-67541000 ---p 00000000 00:00 0 
67541000-6758f000 rw-p 00000000 00:00 0          [stack:15946]
6758f000-675ce000 r--p 00277000 08:05 2629128    /usr/lib/locale/locale-archive
675ce000-67700000 r--p 0089a000 08:05 2629128    /usr/lib/locale/locale-archive
67700000-67900000 r--p 00000000 08:05 2629128    /usr/lib/locale/locale-archive
67900000-679fc000 rw-p 00000000 00:00 0 
679fc000-67a00000 ---p 00000000 00:00 0 
67a00000-67a21000 rw-p 00000000 00:00 0 
67a21000-67b00000 ---p 00000000 00:00 0 
67b00000-67c00000 rw-p 00000000 00:00 0 
67c0e000-67c4d000 r--p 00859000 08:05 2629128    /usr/lib/locale/locale-archive
67c4d000-67c4e000 ---p 00000000 00:00 0 
67c4e000-67cce000 rw-p 00000000 00:00 0          [stack:15942]
67cce000-67e80000 r--s 01d2e000 08:05 2629783    /usr/lib/jvm/java-7-openjdk-i386/jre/lib/rt.jar
67e80000-6a700000 rw-p 00000000 00:00 0 
6a700000-6a7fa000 rw-p 00000000 00:00 0 
6a7fa000-6a800000 ---p 00000000 00:00 0 
6a80d000-6a812000 r-xp 00000000 08:05 2632172    /usr/lib/i386-linux-gnu/libffi.so.6.0.1
6a812000-6a813000 r--p 00005000 08:05 2632172    /usr/lib/i386-linux-gnu/libffi.so.6.0.1
6a813000-6a814000 rw-p 00006000 08:05 2632172    /usr/lib/i386-linux-gnu/libffi.so.6.0.1
6a814000-6a817000 r-xp 00000000 08:05 2626595    /usr/lib/i386-linux-gnu/libgmodule-2.0.so.0.4002.0
6a817000-6a818000 r--p 00002000 08:05 2626595    /usr/lib/i386-linux-gnu/libgmodule-2.0.so.0.4002.0
6a818000-6a819000 rw-p 00003000 08:05 2626595    /usr/lib/i386-linux-gnu/libgmodule-2.0.so.0.4002.0
6a82e000-6a831000 ---p 00000000 00:00 0 
6a831000-6a87f000 rw-p 00000000 00:00 0          [stack:15945]
6a87f000-6a880000 ---p 00000000 00:00 0 
6a880000-6a900000 rw-p 00000000 00:00 0          [stack:15941]
6a900000-6a921000 rw-p 00000000 00:00 0 
6a921000-6aa00000 ---p 00000000 00:00 0 
6aa01000-6aa19000 r-xp 00000000 08:05 2630009    /usr/lib/jvm/java-7-openjdk-i386/jre/lib/i386/libnet.so
6aa19000-6aa1a000 r--p 00017000 08:05 2630009    /usr/lib/jvm/java-7-openjdk-i386/jre/lib/i386/libnet.so
6aa1a000-6aa1b000 rw-p 00018000 08:05 2630009    /usr/lib/jvm/java-7-openjdk-i386/jre/lib/i386/libnet.so
6aa1b000-6aa2c000 r-xp 00000000 08:05 2629955    /usr/lib/jvm/java-7-openjdk-i386/jre/lib/i386/libnio.so
6aa2c000-6aa2d000 r--p 00010000 08:05 2629955    /usr/lib/jvm/java-7-openjdk-i386/jre/lib/i386/libnio.so
6aa2d000-6aa2e000 rw-p 00011000 08:05 2629955    /usr/lib/jvm/java-7-openjdk-i386/jre/lib/i386/libnio.so
6aa2e000-6aa31000 ---p 00000000 00:00 0 
6aa31000-6aa7f000 rw-p 00000000 00:00 0          [stack:15943]
6aa7f000-6aa80000 ---p 00000000 00:00 0 
6aa80000-6ab00000 rw-p 00000000 00:00 0          [stack:15940]
6ab00000-6ab21000 rw-p 00000000 00:00 0 
6ab21000-6ac00000 ---p 00000000 00:00 0 
6ac11000-6ac20000 r--s 000df000 00:19 1839558    /home/captainluma/Android/Sdk/build-tools/23.0.2/lib/dx.jar
6ac20000-6ac24000 r--s 00085000 08:05 2629776    /usr/lib/jvm/java-7-openjdk-i386/jre/lib/ext/localedata.jar
6ac24000-6ac7f000 rw-p 00000000 00:00 0 
6ac7f000-6ac80000 ---p 00000000 00:00 0 
6ac80000-6ad00000 rw-p 00000000 00:00 0          [stack:15939]
6ad00000-6ad25000 rw-p 00000000 00:00 0 
6ad25000-6ae00000 ---p 00000000 00:00 0 
6ae00000-6ae04000 r--s 00034000 08:05 2629778    /usr/lib/jvm/java-7-openjdk-i386/jre/lib/ext/sunjce_provider.jar
6ae04000-6ae68000 rw-p 00000000 00:00 0 
6ae68000-6ae69000 ---p 00000000 00:00 0 
6ae69000-6aef1000 rw-p 00000000 00:00 0          [stack:15938]
6aef1000-6af29000 rw-p 00000000 00:00 0 
6af29000-6af3e000 rw-p 00000000 00:00 0 
6af3e000-6b07f000 rw-p 00000000 00:00 0 
6b07f000-6b087000 rw-p 00000000 00:00 0 
6b087000-6b0bf000 rw-p 00000000 00:00 0 
6b0bf000-6b0d4000 rw-p 00000000 00:00 0 
6b0d4000-6b214000 rw-p 00000000 00:00 0 
6b214000-6b265000 rw-p 00000000 00:00 0 
6b265000-6b2bf000 rw-p 00000000 00:00 0 
6b2bf000-6c2c0000 rw-p 00000000 00:00 0 
6c2c0000-732c0000 rw-p 00000000 00:00 0 
732c0000-75c00000 rw-p 00000000 00:00 0 
75c00000-9dd40000 rw-p 00000000 00:00 0 
9dd40000-a7dc0000 rw-p 00000000 00:00 0 
a7dc0000-b32c0000 rw-p 00000000 00:00 0 
b32c0000-b32c3000 r--s 0000f000 08:05 2629777    /usr/lib/jvm/java-7-openjdk-i386/jre/lib/ext/icedtea-sound.jar
b32c3000-b32c7000 r--s 0003c000 08:05 2629779    /usr/lib/jvm/java-7-openjdk-i386/jre/lib/ext/sunpkcs11.jar
b32c7000-b32d1000 rw-p 00000000 00:00 0 
b32d1000-b3387000 rw-p 00000000 00:00 0 
b3387000-b35cf000 rwxp 00000000 00:00 0 
b35d7000-b6387000 rw-p 00000000 00:00 0 
b6387000-b6392000 r-xp 00000000 08:05 5247386    /lib/i386-linux-gnu/libnss_files-2.19.so
b6392000-b6393000 r--p 0000a000 08:05 5247386    /lib/i386-linux-gnu/libnss_files-2.19.so
b6393000-b6394000 rw-p 0000b000 08:05 5247386    /lib/i386-linux-gnu/libnss_files-2.19.so
b6394000-b639e000 r-xp 00000000 08:05 5247372    /lib/i386-linux-gnu/libnss_nis-2.19.so
b639e000-b639f000 r--p 00009000 08:05 5247372    /lib/i386-linux-gnu/libnss_nis-2.19.so
b639f000-b63a0000 rw-p 0000a000 08:05 5247372    /lib/i386-linux-gnu/libnss_nis-2.19.so
b63a0000-b63b5000 r-xp 00000000 08:05 5247373    /lib/i386-linux-gnu/libnsl-2.19.so
b63b5000-b63b6000 r--p 00015000 08:05 5247373    /lib/i386-linux-gnu/libnsl-2.19.so
b63b6000-b63b7000 rw-p 00016000 08:05 5247373    /lib/i386-linux-gnu/libnsl-2.19.so
b63b7000-b63b9000 rw-p 00000000 00:00 0 
b63b9000-b63c0000 r-xp 00000000 08:05 5247378    /lib/i386-linux-gnu/libnss_compat-2.19.so
b63c0000-b63c1000 r--p 00006000 08:05 5247378    /lib/i386-linux-gnu/libnss_compat-2.19.so
b63c1000-b63c2000 rw-p 00007000 08:05 5247378    /lib/i386-linux-gnu/libnss_compat-2.19.so
b63c3000-b63c5000 r--s 00006000 08:05 2891630    /usr/share/java/java-atk-wrapper.jar
b63c5000-b63cd000 r-xp 00000000 08:05 2629965    /usr/lib/jvm/java-7-openjdk-i386/jre/lib/i386/libzip.so
b63cd000-b63ce000 r--p 00007000 08:05 2629965    /usr/lib/jvm/java-7-openjdk-i386/jre/lib/i386/libzip.so
b63ce000-b63cf000 rw-p 00008000 08:05 2629965    /usr/lib/jvm/java-7-openjdk-i386/jre/lib/i386/libzip.so
b63cf000-b63d7000 rw-s 00000000 08:05 6960007    /tmp/hsperfdata_captainluma/15933
b63d7000-b63fe000 r-xp 00000000 08:05 2629980    /usr/lib/jvm/java-7-openjdk-i386/jre/lib/i386/libjava.so
b63fe000-b63ff000 r--p 00026000 08:05 2629980    /usr/lib/jvm/java-7-openjdk-i386/jre/lib/i386/libjava.so
b63ff000-b6400000 rw-p 00027000 08:05 2629980    /usr/lib/jvm/java-7-openjdk-i386/jre/lib/i386/libjava.so
b6400000-b6500000 rw-p 00000000 00:00 0 
b6500000-b6501000 r--s 00002000 08:05 2629780    /usr/lib/jvm/java-7-openjdk-i386/jre/lib/ext/dnsns.jar
b6501000-b6508000 r-xp 00000000 08:05 5247387    /lib/i386-linux-gnu/librt-2.19.so
b6508000-b6509000 r--p 00006000 08:05 5247387    /lib/i386-linux-gnu/librt-2.19.so
b6509000-b650a000 rw-p 00007000 08:05 5247387    /lib/i386-linux-gnu/librt-2.19.so
b650a000-b650d000 ---p 00000000 00:00 0 
b650d000-b655b000 rw-p 00000000 00:00 0          [stack:15935]
b655b000-b6577000 r-xp 00000000 08:05 5265406    /lib/i386-linux-gnu/libgcc_s.so.1
b6577000-b6578000 rw-p 0001b000 08:05 5265406    /lib/i386-linux-gnu/libgcc_s.so.1
b6578000-b65bc000 r-xp 00000000 08:05 5247377    /lib/i386-linux-gnu/libm-2.19.so
b65bc000-b65bd000 r--p 00043000 08:05 5247377    /lib/i386-linux-gnu/libm-2.19.so
b65bd000-b65be000 rw-p 00044000 08:05 5247377    /lib/i386-linux-gnu/libm-2.19.so
b65be000-b669a000 r-xp 00000000 08:05 2625259    /usr/lib/i386-linux-gnu/libstdc++.so.6.0.19
b669a000-b669e000 r--p 000dc000 08:05 2625259    /usr/lib/i386-linux-gnu/libstdc++.so.6.0.19
b669e000-b669f000 rw-p 000e0000 08:05 2625259    /usr/lib/i386-linux-gnu/libstdc++.so.6.0.19
b669f000-b66a6000 rw-p 00000000 00:00 0 
b66a6000-b709a000 r-xp 00000000 08:05 2629989    /usr/lib/jvm/java-7-openjdk-i386/jre/lib/i386/server/libjvm.so
b709a000-b709b000 ---p 009f4000 08:05 2629989    /usr/lib/jvm/java-7-openjdk-i386/jre/lib/i386/server/libjvm.so
b709b000-b70ed000 r--p 009f4000 08:05 2629989    /usr/lib/jvm/java-7-openjdk-i386/jre/lib/i386/server/libjvm.so
b70ed000-b7101000 rw-p 00a46000 08:05 2629989    /usr/lib/jvm/java-7-openjdk-i386/jre/lib/i386/server/libjvm.so
b7101000-b751f000 rw-p 00000000 00:00 0 
b751f000-b7537000 r-xp 00000000 08:05 5244060    /lib/i386-linux-gnu/libz.so.1.2.8
b7537000-b7538000 r--p 00017000 08:05 5244060    /lib/i386-linux-gnu/libz.so.1.2.8
b7538000-b7539000 rw-p 00018000 08:05 5244060    /lib/i386-linux-gnu/libz.so.1.2.8
b7539000-b7551000 r-xp 00000000 08:05 5247382    /lib/i386-linux-gnu/libpthread-2.19.so
b7551000-b7552000 r--p 00018000 08:05 5247382    /lib/i386-linux-gnu/libpthread-2.19.so
b7552000-b7553000 rw-p 00019000 08:05 5247382    /lib/i386-linux-gnu/libpthread-2.19.so
b7553000-b7555000 rw-p 00000000 00:00 0 
b7555000-b7558000 r-xp 00000000 08:05 5247247    /lib/i386-linux-gnu/libdl-2.19.so
b7558000-b7559000 r--p 00002000 08:05 5247247    /lib/i386-linux-gnu/libdl-2.19.so
b7559000-b755a000 rw-p 00003000 08:05 5247247    /lib/i386-linux-gnu/libdl-2.19.so
b755a000-b7702000 r-xp 00000000 08:05 5242906    /lib/i386-linux-gnu/libc-2.19.so
b7702000-b7704000 r--p 001a8000 08:05 5242906    /lib/i386-linux-gnu/libc-2.19.so
b7704000-b7705000 rw-p 001aa000 08:05 5242906    /lib/i386-linux-gnu/libc-2.19.so
b7705000-b7708000 rw-p 00000000 00:00 0 
b7708000-b770a000 r--s 00012000 08:05 2629775    /usr/lib/jvm/java-7-openjdk-i386/jre/lib/ext/zipfs.jar
b770a000-b770b000 r--p 0059a000 08:05 2629128    /usr/lib/locale/locale-archive
b770b000-b770c000 rw-p 00000000 00:00 0 
b770c000-b770d000 r--p 00000000 00:00 0 
b770d000-b771b000 r-xp 00000000 08:05 2630003    /usr/lib/jvm/java-7-openjdk-i386/jre/lib/i386/libverify.so
b771b000-b771c000 r--p 0000d000 08:05 2630003    /usr/lib/jvm/java-7-openjdk-i386/jre/lib/i386/libverify.so
b771c000-b771d000 rw-p 0000e000 08:05 2630003    /usr/lib/jvm/java-7-openjdk-i386/jre/lib/i386/libverify.so
b771d000-b7729000 r-xp 00000000 08:05 2630005    /usr/lib/jvm/java-7-openjdk-i386/jre/lib/i386/jli/libjli.so
b7729000-b772a000 r--p 0000c000 08:05 2630005    /usr/lib/jvm/java-7-openjdk-i386/jre/lib/i386/jli/libjli.so
b772a000-b772b000 rw-p 0000d000 08:05 2630005    /usr/lib/jvm/java-7-openjdk-i386/jre/lib/i386/jli/libjli.so
b772b000-b772e000 rw-p 00000000 00:00 0 
b772e000-b772f000 r-xp 00000000 00:00 0          [vdso]
b772f000-b7731000 r--p 00000000 00:00 0          [vvar]
b7731000-b7751000 r-xp 00000000 08:05 5247371    /lib/i386-linux-gnu/ld-2.19.so
b7751000-b7752000 r--p 0001f000 08:05 5247371    /lib/i386-linux-gnu/ld-2.19.so
b7752000-b7753000 rw-p 00020000 08:05 5247371    /lib/i386-linux-gnu/ld-2.19.so
bfbda000-bfbdb000 rwxp 00000000 00:00 0 
bfc0d000-bfc2e000 rw-p 00000000 00:00 0          [stack]

VM Arguments:
jvm_args: -Djava.awt.headless=true -Xmx1024M -Dfile.encoding=UTF-8 -Duser.country=US -Duser.language=en -Duser.variant 
java_command: com.android.dx.command.Main --dex --num-threads=4 --output /home/captainluma/AndroidStudioProjects/Campus-App/app/build/intermediates/pre-dexed/debug/com.google.android.gms-play-services-basement-8.4.0_47bde8f950a1c1a11f9c9b0f917a93e6bb4ef60f.jar /home/captainluma/AndroidStudioProjects/Campus-App/app/build/intermediates/exploded-aar/com.google.android.gms/play-services-basement/8.4.0/jars/classes.jar
Launcher Type: SUN_STANDARD

Environment Variables:
PATH=/usr/local/sbin:/usr/local/bin:/usr/sbin:/usr/bin:/sbin:/bin:/usr/games:/usr/local/games
LD_LIBRARY_PATH=.:
SHELL=/bin/bash
DISPLAY=:0.0

Signal Handlers:
SIGSEGV: [libjvm.so+0x811920], sa_mask[0]=0x7ffbfeff, sa_flags=0x10000004
SIGBUS: [libjvm.so+0x811920], sa_mask[0]=0x7ffbfeff, sa_flags=0x10000004
SIGFPE: [libjvm.so+0x688d70], sa_mask[0]=0x7ffbfeff, sa_flags=0x10000004
SIGPIPE: [libjvm.so+0x688d70], sa_mask[0]=0x7ffbfeff, sa_flags=0x10000004
SIGXFSZ: [libjvm.so+0x688d70], sa_mask[0]=0x7ffbfeff, sa_flags=0x10000004
SIGILL: [libjvm.so+0x688d70], sa_mask[0]=0x7ffbfeff, sa_flags=0x10000004
SIGUSR1: SIG_DFL, sa_mask[0]=0x00000000, sa_flags=0x00000000
SIGUSR2: [libjvm.so+0x688c00], sa_mask[0]=0x00000004, sa_flags=0x10000004
SIGHUP: [libjvm.so+0x688e30], sa_mask[0]=0x7ffbfeff, sa_flags=0x10000004
SIGINT: [libjvm.so+0x688e30], sa_mask[0]=0x7ffbfeff, sa_flags=0x10000004
SIGTERM: [libjvm.so+0x688e30], sa_mask[0]=0x7ffbfeff, sa_flags=0x10000004
SIGQUIT: [libjvm.so+0x688e30], sa_mask[0]=0x7ffbfeff, sa_flags=0x10000004
SIGTRAP: SIG_DFL, sa_mask[0]=0x00000000, sa_flags=0x00000000


---------------  S Y S T E M  ---------------

OS:Ubuntu 14.04 (trusty)
uname:Linux 3.16.0-57-generic #77~14.04.1-Ubuntu SMP Thu Dec 17 23:20:32 UTC 2015 i686
libc:glibc 2.19 NPTL 2.19 
rlimit: STACK 8192k, CORE 0k, NPROC 31507, NOFILE 4096, AS infinity
load average:22,14 10,39 4,52

/proc/meminfo:
MemTotal:        4060880 kB
MemFree:          214264 kB
MemAvailable:     135020 kB
Buffers:             152 kB
Cached:            31624 kB
SwapCached:            0 kB
Active:          3702012 kB
Inactive:          28656 kB
Active(anon):    3700572 kB
Inactive(anon):    27208 kB
Active(file):       1440 kB
Inactive(file):     1448 kB
Unevictable:          48 kB
Mlocked:              48 kB
HighTotal:       3201508 kB
HighFree:          50592 kB
LowTotal:         859372 kB
LowFree:          163672 kB
SwapTotal:             0 kB
SwapFree:              0 kB
Dirty:                20 kB
Writeback:            12 kB
AnonPages:       3699564 kB
Mapped:            28420 kB
Shmem:             28264 kB
Slab:              61472 kB
SReclaimable:      26060 kB
SUnreclaim:        35412 kB
KernelStack:        4744 kB
PageTables:        15424 kB
NFS_Unstable:          0 kB
Bounce:             1000 kB
WritebackTmp:          0 kB
CommitLimit:     2030440 kB
Committed_AS:    5918620 kB
VmallocTotal:     122880 kB
VmallocUsed:       64696 kB
VmallocChunk:      39084 kB
AnonHugePages:   2656256 kB
HugePages_Total:       0
HugePages_Free:        0
HugePages_Rsvd:        0
HugePages_Surp:        0
Hugepagesize:       2048 kB
DirectMap4k:       55288 kB
DirectMap2M:      854016 kB


CPU:total 4 (2 cores per cpu, 2 threads per core) family 6 model 37 stepping 5, cmov, cx8, fxsr, mmx, sse, sse2, sse3, ssse3, sse4.1, sse4.2, popcnt, ht, tsc, tscinvbit

/proc/cpuinfo:
processor	: 0
vendor_id	: GenuineIntel
cpu family	: 6
model		: 37
model name	: Intel(R) Core(TM) i5 CPU       M 450  @ 2.40GHz
stepping	: 5
microcode	: 0x2
cpu MHz		: 2400.000
cache size	: 3072 KB
physical id	: 0
siblings	: 4
core id		: 0
cpu cores	: 2
apicid		: 0
initial apicid	: 0
fdiv_bug	: no
f00f_bug	: no
coma_bug	: no
fpu		: yes
fpu_exception	: yes
cpuid level	: 11
wp		: yes
flags		: fpu vme de pse tsc msr pae mce cx8 apic sep mtrr pge mca cmov pat pse36 clflush dts acpi mmx fxsr sse sse2 ss ht tm pbe nx rdtscp lm constant_tsc arch_perfmon pebs bts xtopology nonstop_tsc aperfmperf pni dtes64 monitor ds_cpl vmx est tm2 ssse3 cx16 xtpr pdcm pcid sse4_1 sse4_2 popcnt lahf_lm ida arat dtherm tpr_shadow vnmi flexpriority ept vpid
bogomips	: 4788.07
clflush size	: 64
cache_alignment	: 64
address sizes	: 36 bits physical, 48 bits virtual
power management:

processor	: 1
vendor_id	: GenuineIntel
cpu family	: 6
model		: 37
model name	: Intel(R) Core(TM) i5 CPU       M 450  @ 2.40GHz
stepping	: 5
microcode	: 0x2
cpu MHz		: 2400.000
cache size	: 3072 KB
physical id	: 0
siblings	: 4
core id		: 2
cpu cores	: 2
apicid		: 4
initial apicid	: 4
fdiv_bug	: no
f00f_bug	: no
coma_bug	: no
fpu		: yes
fpu_exception	: yes
cpuid level	: 11
wp		: yes
flags		: fpu vme de pse tsc msr pae mce cx8 apic sep mtrr pge mca cmov pat pse36 clflush dts acpi mmx fxsr sse sse2 ss ht tm pbe nx rdtscp lm constant_tsc arch_perfmon pebs bts xtopology nonstop_tsc aperfmperf pni dtes64 monitor ds_cpl vmx est tm2 ssse3 cx16 xtpr pdcm pcid sse4_1 sse4_2 popcnt lahf_lm ida arat dtherm tpr_shadow vnmi flexpriority ept vpid
bogomips	: 4788.07
clflush size	: 64
cache_alignment	: 64
address sizes	: 36 bits physical, 48 bits virtual
power management:

processor	: 2
vendor_id	: GenuineIntel
cpu family	: 6
model		: 37
model name	: Intel(R) Core(TM) i5 CPU       M 450  @ 2.40GHz
stepping	: 5
microcode	: 0x2
cpu MHz		: 2400.000
cache size	: 3072 KB
physical id	: 0
siblings	: 4
core id		: 0
cpu cores	: 2
apicid		: 1
initial apicid	: 1
fdiv_bug	: no
f00f_bug	: no
coma_bug	: no
fpu		: yes
fpu_exception	: yes
cpuid level	: 11
wp		: yes
flags		: fpu vme de pse tsc msr pae mce cx8 apic sep mtrr pge mca cmov pat pse36 clflush dts acpi mmx fxsr sse sse2 ss ht tm pbe nx rdtscp lm constant_tsc arch_perfmon pebs bts xtopology nonstop_tsc aperfmperf pni dtes64 monitor ds_cpl vmx est tm2 ssse3 cx16 xtpr pdcm pcid sse4_1 sse4_2 popcnt lahf_lm ida arat dtherm tpr_shadow vnmi flexpriority ept vpid
bogomips	: 4788.07
clflush size	: 64
cache_alignment	: 64
address sizes	: 36 bits physical, 48 bits virtual
power management:

processor	: 3
vendor_id	: GenuineIntel
cpu family	: 6
model		: 37
model name	: Intel(R) Core(TM) i5 CPU       M 450  @ 2.40GHz
stepping	: 5
microcode	: 0x2
cpu MHz		: 2400.000
cache size	: 3072 KB
physical id	: 0
siblings	: 4
core id		: 2
cpu cores	: 2
apicid		: 5
initial apicid	: 5
fdiv_bug	: no
f00f_bug	: no
coma_bug	: no
fpu		: yes
fpu_exception	: yes
cpuid level	: 11
wp		: yes
flags		: fpu vme de pse tsc msr pae mce cx8 apic sep mtrr pge mca cmov pat pse36 clflush dts acpi mmx fxsr sse sse2 ss ht tm pbe nx rdtscp lm constant_tsc arch_perfmon pebs bts xtopology nonstop_tsc aperfmperf pni dtes64 monitor ds_cpl vmx est tm2 ssse3 cx16 xtpr pdcm pcid sse4_1 sse4_2 popcnt lahf_lm ida arat dtherm tpr_shadow vnmi flexpriority ept vpid
bogomips	: 4788.07
clflush size	: 64
cache_alignment	: 64
address sizes	: 36 bits physical, 48 bits virtual
power management:



Memory: 4k page, physical 4060880k(211880k free), swap 0k(0k free)

vm_info: OpenJDK Server VM (24.91-b01) for linux-x86 JRE (1.7.0_91-b02), built on Nov 19 2015 06:19:32 by "buildd" with gcc 4.8.2

time: Sat Jan 16 23:23:15 2016
elapsed time: 58 seconds

