#
# There is insufficient memory for the Java Runtime Environment to continue.
# Native memory allocation (malloc) failed to allocate 22806528 bytes for committing reserved memory.
# Possible reasons:
#   The system is out of physical RAM or swap space
#   In 32 bit mode, the process size limit was hit
# Possible solutions:
#   Reduce memory load on the system
#   Increase physical memory or swap space
#   Check if swap backing store is full
#   Use 64 bit Java on a 64 bit OS
#   Decrease Java heap size (-Xmx/-Xms)
#   Decrease number of Java threads
#   Decrease Java thread stack sizes (-Xss)
#   Set larger code cache with -XX:ReservedCodeCacheSize=
# This output file may be truncated or incomplete.
#
#  Out of Memory Error (os_linux.cpp:2827), pid=15886, tid=1741478720
#
# JRE version: OpenJDK Runtime Environment (7.0_91-b02) (build 1.7.0_91-b02)
# Java VM: OpenJDK Server VM (24.91-b01 mixed mode linux-x86 )
# Derivative: IcedTea 2.6.3
# Distribution: Ubuntu 14.04 LTS, package 7u91-2.6.3-0ubuntu0.14.04.1
# Failed to write core dump. Core dumps have been disabled. To enable core dumping, try "ulimit -c unlimited" before starting Java again
#

---------------  T H R E A D  ---------------

Current thread (0x67b80400):  VMThread [stack: 0x67c4d000,0x67cce000] [id=15896]

Stack: [0x67c4d000,0x67cce000]
VM_Operation (0x66ccf918): ParallelGCFailedAllocation, mode: safepoint, requested by thread 0x6726f800


---------------  P R O C E S S  ---------------

Java Threads: ( => current thread )
  0x67270c00 JavaThread "pool-1-thread-4" [_thread_blocked, id=15908, stack(0x66c2f000,0x66c80000)]
  0x6726f800 JavaThread "pool-1-thread-3" [_thread_blocked, id=15907, stack(0x66c80000,0x66cd1000)]
  0x6726ec00 JavaThread "pool-1-thread-2" [_thread_blocked, id=15906, stack(0x66cd1000,0x66d22000)]
  0x6726b800 JavaThread "pool-2-thread-1" [_thread_blocked, id=15905, stack(0x66d22000,0x66d73000)]
  0x67269c00 JavaThread "pool-1-thread-1" [_thread_blocked, id=15904, stack(0x6714e000,0x6719f000)]
  0x67b9d400 JavaThread "Service Thread" daemon [_thread_blocked, id=15902, stack(0x673eb000,0x6743c000)]
  0x67b9b800 JavaThread "C2 CompilerThread1" daemon [_thread_blocked, id=15901, stack(0x6743c000,0x674bd000)]
  0x67b99800 JavaThread "C2 CompilerThread0" daemon [_thread_blocked, id=15900, stack(0x674bd000,0x6753e000)]
  0x67b97c00 JavaThread "Signal Dispatcher" daemon [_thread_blocked, id=15899, stack(0x6753e000,0x6758f000)]
  0x67b84800 JavaThread "Finalizer" daemon [_thread_blocked, id=15898, stack(0x6a82e000,0x6a87f000)]
  0x67b82c00 JavaThread "Reference Handler" daemon [_thread_blocked, id=15897, stack(0x6aa2e000,0x6aa7f000)]
  0xb6407c00 JavaThread "main" [_thread_blocked, id=15889, stack(0xb652d000,0xb657e000)]

Other Threads:
=>0x67b80400 VMThread [stack: 0x67c4d000,0x67cce000] [id=15896]
  0x67b9f000 WatcherThread [stack: 0x6736a000,0x673eb000] [id=15903]

VM state:at safepoint (normal execution)

VM Mutex/Monitor currently owned by a thread:  ([mutex/lock_event])
[0xb6405310] Threads_lock - owner thread: 0x67b80400
[0xb6405720] Heap_lock - owner thread: 0x6726f800

Heap
 PSYoungGen      total 217600K, used 94454K [0x9dd40000, 0xb1d00000, 0xb32c0000)
  eden space 123136K, 0% used [0x9dd40000,0x9dd40000,0xa5580000)
  from space 94464K, 99% used [0xa5580000,0xab1bd9e0,0xab1c0000)
  to   space 83968K, 0% used [0xab1c0000,0xab1c0000,0xb03c0000)
 ParOldGen       total 214784K, used 125030K [0x732c0000, 0x80480000, 0x9dd40000)
  object space 214784K, 58% used [0x732c0000,0x7acd9960,0x80480000)
 PSPermGen       total 16384K, used 4272K [0x6b2c0000, 0x6c2c0000, 0x732c0000)
  object space 16384K, 26% used [0x6b2c0000,0x6b6ec150,0x6c2c0000)

Card table byte_map: [0x6b07f000,0x6b2c0000] byte_map_base: 0x6ad25a00

Polling page: 0xb772f000

Code Cache  [0xb33a5000, 0xb3625000, 0xb63a5000)
 total_blobs=753 nmethods=631 adapters=76 free_code_cache=46642Kb largest_free_block=47737728

Compilation events (10 events):
Event: 33,708 Thread 0x67b9b800 nmethod 635 0xb3617ac8 code [0xb3617be0, 0xb3618090]
Event: 33,708 Thread 0x67b9b800  637             com.android.dx.rop.code.RegisterSpec::getBasicFrameType (10 bytes)
Event: 33,709 Thread 0x67b9b800 nmethod 637 0xb360d808 code [0xb360d900, 0xb360d950]
Event: 33,709 Thread 0x67b9b800  638   !         com.android.dx.cf.code.BaseMachine::result (36 bytes)
Event: 33,710 Thread 0x67b9b800 nmethod 638 0xb3618508 code [0xb3618600, 0xb3618690]
Event: 33,710 Thread 0x67b9b800  639             com.android.dx.ssa.back.FirstFitLocalCombiningAllocator::tryMapRegs (110 bytes)
Event: 33,719 Thread 0x67b99800 nmethod 636 0xb3617448 code [0xb3617580, 0xb3617764]
Event: 33,719 Thread 0x67b99800  640             com.android.dx.cf.code.ByteCatchList::get (9 bytes)
Event: 33,720 Thread 0x67b99800 nmethod 640 0xb361e1c8 code [0xb361e2c0, 0xb361e370]
Event: 33,721 Thread 0x67b99800  641             com.android.dx.cf.code.ByteCatchList::toTargetList (114 bytes)

GC Heap History (10 events):
Event: 21,988 GC heap after
Heap after GC invocations=11 (full 2):
 PSYoungGen      total 142592K, used 13420K [0x9dd40000, 0xacfc0000, 0xb32c0000)
  eden space 111616K, 0% used [0x9dd40000,0x9dd40000,0xa4a40000)
  from space 30976K, 43% used [0xa4a40000,0xa575b318,0xa6880000)
  to   space 52736K, 0% used [0xa9c40000,0xa9c40000,0xacfc0000)
 ParOldGen       total 171520K, used 90977K [0x732c0000, 0x7da40000, 0x9dd40000)
  object space 171520K, 53% used [0x732c0000,0x78b98768,0x7da40000)
 PSPermGen       total 16384K, used 4260K [0x6b2c0000, 0x6c2c0000, 0x732c0000)
  object space 16384K, 26% used [0x6b2c0000,0x6b6e91a0,0x6c2c0000)
}
Event: 26,241 GC heap before
{Heap before GC invocations=12 (full 2):
 PSYoungGen      total 142592K, used 125036K [0x9dd40000, 0xacfc0000, 0xb32c0000)
  eden space 111616K, 100% used [0x9dd40000,0xa4a40000,0xa4a40000)
  from space 30976K, 43% used [0xa4a40000,0xa575b318,0xa6880000)
  to   space 52736K, 0% used [0xa9c40000,0xa9c40000,0xacfc0000)
 ParOldGen       total 171520K, used 90977K [0x732c0000, 0x7da40000, 0x9dd40000)
  object space 171520K, 53% used [0x732c0000,0x78b98768,0x7da40000)
 PSPermGen       total 16384K, used 4265K [0x6b2c0000, 0x6c2c0000, 0x732c0000)
  object space 16384K, 26% used [0x6b2c0000,0x6b6ea5a0,0x6c2c0000)
Event: 26,396 GC heap after
Heap after GC invocations=12 (full 2):
 PSYoungGen      total 163840K, used 42621K [0x9dd40000, 0xac600000, 0xb32c0000)
  eden space 121088K, 0% used [0x9dd40000,0x9dd40000,0xa5380000)
  from space 42752K, 99% used [0xa9c40000,0xac5df7c0,0xac600000)
  to   space 58368K, 0% used [0xa5400000,0xa5400000,0xa8d00000)
 ParOldGen       total 171520K, used 91592K [0x732c0000, 0x7da40000, 0x9dd40000)
  object space 171520K, 53% used [0x732c0000,0x78c32160,0x7da40000)
 PSPermGen       total 16384K, used 4265K [0x6b2c0000, 0x6c2c0000, 0x732c0000)
  object space 16384K, 26% used [0x6b2c0000,0x6b6ea5a0,0x6c2c0000)
}
Event: 30,343 GC heap before
{Heap before GC invocations=13 (full 2):
 PSYoungGen      total 163840K, used 163709K [0x9dd40000, 0xac600000, 0xb32c0000)
  eden space 121088K, 100% used [0x9dd40000,0xa5380000,0xa5380000)
  from space 42752K, 99% used [0xa9c40000,0xac5df7c0,0xac600000)
  to   space 58368K, 0% used [0xa5400000,0xa5400000,0xa8d00000)
 ParOldGen       total 171520K, used 91592K [0x732c0000, 0x7da40000, 0x9dd40000)
  object space 171520K, 53% used [0x732c0000,0x78c32160,0x7da40000)
 PSPermGen       total 16384K, used 4270K [0x6b2c0000, 0x6c2c0000, 0x732c0000)
  object space 16384K, 26% used [0x6b2c0000,0x6b6eba98,0x6c2c0000)
Event: 30,796 GC heap after
Heap after GC invocations=13 (full 2):
 PSYoungGen      total 179968K, used 58357K [0x9dd40000, 0xb03c0000, 0xb32c0000)
  eden space 121600K, 0% used [0x9dd40000,0x9dd40000,0xa5400000)
  from space 58368K, 99% used [0xa5400000,0xa8cfd730,0xa8d00000)
  to   space 83968K, 0% used [0xab1c0000,0xab1c0000,0xb03c0000)
 ParOldGen       total 171520K, used 132662K [0x732c0000, 0x7da40000, 0x9dd40000)
  object space 171520K, 77% used [0x732c0000,0x7b44dac8,0x7da40000)
 PSPermGen       total 16384K, used 4270K [0x6b2c0000, 0x6c2c0000, 0x732c0000)
  object space 16384K, 26% used [0x6b2c0000,0x6b6eba98,0x6c2c0000)
}
Event: 30,796 GC heap before
{Heap before GC invocations=14 (full 3):
 PSYoungGen      total 179968K, used 58357K [0x9dd40000, 0xb03c0000, 0xb32c0000)
  eden space 121600K, 0% used [0x9dd40000,0x9dd40000,0xa5400000)
  from space 58368K, 99% used [0xa5400000,0xa8cfd730,0xa8d00000)
  to   space 83968K, 0% used [0xab1c0000,0xab1c0000,0xb03c0000)
 ParOldGen       total 171520K, used 132662K [0x732c0000, 0x7da40000, 0x9dd40000)
  object space 171520K, 77% used [0x732c0000,0x7b44dac8,0x7da40000)
 PSPermGen       total 16384K, used 4270K [0x6b2c0000, 0x6c2c0000, 0x732c0000)
  object space 16384K, 26% used [0x6b2c0000,0x6b6eba98,0x6c2c0000)
Event: 32,079 GC heap after
Heap after GC invocations=14 (full 3):
 PSYoungGen      total 179968K, used 0K [0x9dd40000, 0xb03c0000, 0xb32c0000)
  eden space 121600K, 0% used [0x9dd40000,0x9dd40000,0xa5400000)
  from space 58368K, 0% used [0xa5400000,0xa5400000,0xa8d00000)
  to   space 83968K, 0% used [0xab1c0000,0xab1c0000,0xb03c0000)
 ParOldGen       total 214784K, used 101036K [0x732c0000, 0x80480000, 0x9dd40000)
  object space 214784K, 47% used [0x732c0000,0x7956b1a0,0x80480000)
 PSPermGen       total 16384K, used 4269K [0x6b2c0000, 0x6c2c0000, 0x732c0000)
  object space 16384K, 26% used [0x6b2c0000,0x6b6eb788,0x6c2c0000)
}
Event: 32,455 GC heap before
{Heap before GC invocations=15 (full 3):
 PSYoungGen      total 179968K, used 121600K [0x9dd40000, 0xb03c0000, 0xb32c0000)
  eden space 121600K, 100% used [0x9dd40000,0xa5400000,0xa5400000)
  from space 58368K, 0% used [0xa5400000,0xa5400000,0xa8d00000)
  to   space 83968K, 0% used [0xab1c0000,0xab1c0000,0xb03c0000)
 ParOldGen       total 214784K, used 101036K [0x732c0000, 0x80480000, 0x9dd40000)
  object space 214784K, 47% used [0x732c0000,0x7956b1a0,0x80480000)
 PSPermGen       total 16384K, used 4270K [0x6b2c0000, 0x6c2c0000, 0x732c0000)
  object space 16384K, 26% used [0x6b2c0000,0x6b6eb8c0,0x6c2c0000)
Event: 32,646 GC heap after
Heap after GC invocations=15 (full 3):
 PSYoungGen      total 207104K, used 71149K [0x9dd40000, 0xb1d00000, 0xb32c0000)
  eden space 123136K, 0% used [0x9dd40000,0x9dd40000,0xa5580000)
  from space 83968K, 84% used [0xab1c0000,0xaf73b568,0xb03c0000)
  to   space 94464K, 0% used [0xa5580000,0xa5580000,0xab1c0000)
 ParOldGen       total 214784K, used 101036K [0x732c0000, 0x80480000, 0x9dd40000)
  object space 214784K, 47% used [0x732c0000,0x7956b1a0,0x80480000)
 PSPermGen       total 16384K, used 4270K [0x6b2c0000, 0x6c2c0000, 0x732c0000)
  object space 16384K, 26% used [0x6b2c0000,0x6b6eb8c0,0x6c2c0000)
}
Event: 33,731 GC heap before
{Heap before GC invocations=16 (full 3):
 PSYoungGen      total 207104K, used 194285K [0x9dd40000, 0xb1d00000, 0xb32c0000)
  eden space 123136K, 100% used [0x9dd40000,0xa5580000,0xa5580000)
  from space 83968K, 84% used [0xab1c0000,0xaf73b568,0xb03c0000)
  to   space 94464K, 0% used [0xa5580000,0xa5580000,0xab1c0000)
 ParOldGen       total 214784K, used 101036K [0x732c0000, 0x80480000, 0x9dd40000)
  object space 214784K, 47% used [0x732c0000,0x7956b1a0,0x80480000)
 PSPermGen       total 16384K, used 4272K [0x6b2c0000, 0x6c2c0000, 0x732c0000)
  object space 16384K, 26% used [0x6b2c0000,0x6b6ec150,0x6c2c0000)

Deoptimization events (10 events):
Event: 25,825 Thread 0xb6407c00 Uncommon trap: reason=unstable_if action=reinterpret pc=0xb34e92bc method=java.util.BitSet.ensureCapacity(I)V @ 6
Event: 25,826 Thread 0xb6407c00 Uncommon trap: reason=unstable_if action=reinterpret pc=0xb3537028 method=java.util.BitSet.ensureCapacity(I)V @ 6
Event: 25,826 Thread 0xb6407c00 Uncommon trap: reason=unstable_if action=reinterpret pc=0xb3510fd8 method=java.util.BitSet.ensureCapacity(I)V @ 6
Event: 26,128 Thread 0xb6407c00 Uncommon trap: reason=unstable_if action=reinterpret pc=0xb35442a8 method=java.util.BitSet.ensureCapacity(I)V @ 6
Event: 26,159 Thread 0xb6407c00 Uncommon trap: reason=unstable_if action=reinterpret pc=0xb34f07b0 method=com.android.dx.rop.code.BasicBlockList.preferredSuccessorOf(Lcom/android/dx/rop/code/BasicBlock;)Lcom/android/dx/rop/code/BasicBlock; @ 58
Event: 28,625 Thread 0xb6407c00 Uncommon trap: reason=class_check action=maybe_recompile pc=0xb348775c method=com.android.dx.ssa.SCCP.simulateBranch(Lcom/android/dx/ssa/SsaInsn;)V @ 145
Event: 29,233 Thread 0xb6407c00 Uncommon trap: reason=unstable_if action=reinterpret pc=0xb34c314c method=com.android.dx.ssa.SCCP.simulateStmt(Lcom/android/dx/ssa/SsaInsn;)V @ 59
Event: 32,275 Thread 0x6726ec00 Uncommon trap: reason=class_check action=maybe_recompile pc=0xb3434d54 method=com.android.dx.ssa.SsaConverter.placePhiFunctions(Lcom/android/dx/ssa/SsaMethod;Lcom/android/dx/ssa/LocalVariableInfo;I)V @ 257
Event: 33,030 Thread 0x67269c00 Uncommon trap: reason=class_check action=maybe_recompile pc=0xb3434d54 method=com.android.dx.ssa.SsaConverter.placePhiFunctions(Lcom/android/dx/ssa/SsaMethod;Lcom/android/dx/ssa/LocalVariableInfo;I)V @ 257
Event: 33,035 Thread 0x67270c00 Uncommon trap: reason=class_check action=maybe_recompile pc=0xb3434d54 method=com.android.dx.ssa.SsaConverter.placePhiFunctions(Lcom/android/dx/ssa/SsaMethod;Lcom/android/dx/ssa/LocalVariableInfo;I)V @ 257

Internal exceptions (10 events):
Event: 3,344 Thread 0x67270c00 Threw 0x9eb6ac28 at /build/openjdk-7-8Khev_/openjdk-7-7u91-2.6.3/build/openjdk/hotspot/src/share/vm/prims/jvm.cpp:1322
Event: 3,345 Thread 0x67270c00 Threw 0x9eb70b40 at /build/openjdk-7-8Khev_/openjdk-7-7u91-2.6.3/build/openjdk/hotspot/src/share/vm/prims/jvm.cpp:1322
Event: 3,345 Thread 0x67270c00 Threw 0x9eb76828 at /build/openjdk-7-8Khev_/openjdk-7-7u91-2.6.3/build/openjdk/hotspot/src/share/vm/prims/jvm.cpp:1322
Event: 6,251 Thread 0xb6407c00 Threw 0x9eff9bf0 at /build/openjdk-7-8Khev_/openjdk-7-7u91-2.6.3/build/openjdk/hotspot/src/share/vm/prims/jvm.cpp:1322
Event: 7,356 Thread 0x6726f800 Threw 0x9de20890 at /build/openjdk-7-8Khev_/openjdk-7-7u91-2.6.3/build/openjdk/hotspot/src/share/vm/prims/jvm.cpp:1322
Event: 7,740 Thread 0x6726ec00 Threw 0x9e334750 at /build/openjdk-7-8Khev_/openjdk-7-7u91-2.6.3/build/openjdk/hotspot/src/share/vm/prims/jvm.cpp:1322
Event: 10,696 Thread 0xb6407c00 Implicit null exception at 0xb340e462 to 0xb340e9ed
Event: 20,553 Thread 0xb6407c00 Threw 0xa3d9a890 at /build/openjdk-7-8Khev_/openjdk-7-7u91-2.6.3/build/openjdk/hotspot/src/share/vm/prims/jvm.cpp:1322
Event: 20,602 Thread 0xb6407c00 Threw 0xa3e64ab0 at /build/openjdk-7-8Khev_/openjdk-7-7u91-2.6.3/build/openjdk/hotspot/src/share/vm/prims/jvm.cpp:1322
Event: 25,645 Thread 0xb6407c00 Implicit null exception at 0xb34b4680 to 0xb34b76dd

Events (10 events):
Event: 32,275 Thread 0x6726ec00 DEOPT UNPACKING pc=0xb33d1bc8 sp=0x66d20be8 mode 2
Event: 32,410 Executing VM operation: ParallelGCFailedAllocation
Event: 32,647 Executing VM operation: ParallelGCFailedAllocation done
Event: 32,928 Thread 0x67269c00 Uncommon trap: trap_request=0xffffffde fr.pc=0xb3434d54
Event: 33,022 Thread 0x67270c00 Uncommon trap: trap_request=0xffffffde fr.pc=0xb3434d54
Event: 33,030 Thread 0x67269c00 DEOPT PACKING pc=0xb3434d54 sp=0x6719dbd0
Event: 33,030 Thread 0x67269c00 DEOPT UNPACKING pc=0xb33d1bc8 sp=0x6719dbe8 mode 2
Event: 33,035 Thread 0x67270c00 DEOPT PACKING pc=0xb3434d54 sp=0x66c7ebd0
Event: 33,035 Thread 0x67270c00 DEOPT UNPACKING pc=0xb33d1bc8 sp=0x66c7ebe8 mode 2
Event: 33,728 Executing VM operation: ParallelGCFailedAllocation


Dynamic libraries:
08048000-08049000 r-xp 00000000 08:05 2623258    /usr/lib/jvm/java-7-openjdk-i386/jre/bin/java
08049000-0804a000 r--p 00000000 08:05 2623258    /usr/lib/jvm/java-7-openjdk-i386/jre/bin/java
0804a000-0804b000 rw-p 00001000 08:05 2623258    /usr/lib/jvm/java-7-openjdk-i386/jre/bin/java
09dbd000-09df9000 rw-p 00000000 00:00 0          [heap]
64d00000-64da1000 rw-p 00000000 00:00 0 
64da1000-64e00000 ---p 00000000 00:00 0 
64f00000-64ffd000 rw-p 00000000 00:00 0 
64ffd000-65000000 ---p 00000000 00:00 0 
65000000-650a8000 rw-p 00000000 00:00 0 
650a8000-65100000 ---p 00000000 00:00 0 
65100000-651de000 rw-p 00000000 00:00 0 
651de000-65200000 ---p 00000000 00:00 0 
65300000-653fb000 rw-p 00000000 00:00 0 
653fb000-65400000 ---p 00000000 00:00 0 
65500000-655ff000 rw-p 00000000 00:00 0 
655ff000-65600000 ---p 00000000 00:00 0 
65600000-656fd000 rw-p 00000000 00:00 0 
656fd000-65700000 ---p 00000000 00:00 0 
65700000-657ff000 rw-p 00000000 00:00 0 
657ff000-65800000 ---p 00000000 00:00 0 
65900000-65a00000 rw-p 00000000 00:00 0 
65a00000-65afd000 rw-p 00000000 00:00 0 
65afd000-65b00000 ---p 00000000 00:00 0 
65b00000-65bf9000 rw-p 00000000 00:00 0 
65bf9000-65c00000 ---p 00000000 00:00 0 
65c00000-65cfa000 rw-p 00000000 00:00 0 
65cfa000-65d00000 ---p 00000000 00:00 0 
65d00000-65dfa000 rw-p 00000000 00:00 0 
65dfa000-65e00000 ---p 00000000 00:00 0 
65e00000-65ef9000 rw-p 00000000 00:00 0 
65ef9000-65f00000 ---p 00000000 00:00 0 
65f00000-66000000 rw-p 00000000 00:00 0 
66000000-66100000 rw-p 00000000 00:00 0 
66100000-661ff000 rw-p 00000000 00:00 0 
661ff000-66200000 ---p 00000000 00:00 0 
66300000-663ec000 rw-p 00000000 00:00 0 
663ec000-66400000 ---p 00000000 00:00 0 
66500000-665fd000 rw-p 00000000 00:00 0 
665fd000-66600000 ---p 00000000 00:00 0 
66700000-667e0000 rw-p 00000000 00:00 0 
667e0000-66800000 ---p 00000000 00:00 0 
66800000-66900000 rw-p 00000000 00:00 0 
66900000-669dc000 rw-p 00000000 00:00 0 
669dc000-66a00000 ---p 00000000 00:00 0 
66a00000-66af9000 rw-p 00000000 00:00 0 
66af9000-66b00000 ---p 00000000 00:00 0 
66b00000-66bf6000 rw-p 00000000 00:00 0 
66bf6000-66c00000 ---p 00000000 00:00 0 
66c2f000-66c32000 ---p 00000000 00:00 0 
66c32000-66c80000 rw-p 00000000 00:00 0          [stack:15908]
66c80000-66c83000 ---p 00000000 00:00 0 
66c83000-66cd1000 rw-p 00000000 00:00 0          [stack:15907]
66cd1000-66cd4000 ---p 00000000 00:00 0 
66cd4000-66d22000 rw-p 00000000 00:00 0          [stack:15906]
66d22000-66d25000 ---p 00000000 00:00 0 
66d25000-66d73000 rw-p 00000000 00:00 0          [stack:15905]
66d73000-66e7d000 r-xp 00000000 08:05 5243930    /lib/i386-linux-gnu/libglib-2.0.so.0.4002.0
66e7d000-66e7e000 r--p 00109000 08:05 5243930    /lib/i386-linux-gnu/libglib-2.0.so.0.4002.0
66e7e000-66e7f000 rw-p 0010a000 08:05 5243930    /lib/i386-linux-gnu/libglib-2.0.so.0.4002.0
66e7f000-66ffc000 r-xp 00000000 08:05 2626585    /usr/lib/i386-linux-gnu/libgio-2.0.so.0.4002.0
66ffc000-66ffe000 r--p 0017d000 08:05 2626585    /usr/lib/i386-linux-gnu/libgio-2.0.so.0.4002.0
66ffe000-66fff000 rw-p 0017f000 08:05 2626585    /usr/lib/i386-linux-gnu/libgio-2.0.so.0.4002.0
66fff000-67000000 rw-p 00000000 00:00 0 
67000000-670f7000 rw-p 00000000 00:00 0 
670f7000-67100000 ---p 00000000 00:00 0 
6714e000-67151000 ---p 00000000 00:00 0 
67151000-6719f000 rw-p 00000000 00:00 0          [stack:15904]
6719f000-671db000 r-xp 00000000 08:05 5243952    /lib/i386-linux-gnu/libpcre.so.3.13.1
671db000-671dc000 r--p 0003b000 08:05 5243952    /lib/i386-linux-gnu/libpcre.so.3.13.1
671dc000-671dd000 rw-p 0003c000 08:05 5243952    /lib/i386-linux-gnu/libpcre.so.3.13.1
671dd000-671fd000 r-xp 00000000 08:05 5244029    /lib/i386-linux-gnu/libselinux.so.1
671fd000-671fe000 r--p 0001f000 08:05 5244029    /lib/i386-linux-gnu/libselinux.so.1
671fe000-671ff000 rw-p 00020000 08:05 5244029    /lib/i386-linux-gnu/libselinux.so.1
671ff000-67200000 rw-p 00000000 00:00 0 
67200000-6729f000 rw-p 00000000 00:00 0 
6729f000-67300000 ---p 00000000 00:00 0 
67318000-67368000 r-xp 00000000 08:05 2626607    /usr/lib/i386-linux-gnu/libgobject-2.0.so.0.4002.0
67368000-67369000 r--p 0004f000 08:05 2626607    /usr/lib/i386-linux-gnu/libgobject-2.0.so.0.4002.0
67369000-6736a000 rw-p 00050000 08:05 2626607    /usr/lib/i386-linux-gnu/libgobject-2.0.so.0.4002.0
6736a000-6736b000 ---p 00000000 00:00 0 
6736b000-673eb000 rw-p 00000000 00:00 0          [stack:15903]
673eb000-673ee000 ---p 00000000 00:00 0 
673ee000-6743c000 rw-p 00000000 00:00 0          [stack:15902]
6743c000-6743f000 ---p 00000000 00:00 0 
6743f000-674bd000 rw-p 00000000 00:00 0          [stack:15901]
674bd000-674c0000 ---p 00000000 00:00 0 
674c0000-6753e000 rw-p 00000000 00:00 0          [stack:15900]
6753e000-67541000 ---p 00000000 00:00 0 
67541000-6758f000 rw-p 00000000 00:00 0          [stack:15899]
6758f000-675ce000 r--p 00277000 08:05 2629128    /usr/lib/locale/locale-archive
675ce000-67700000 r--p 0089a000 08:05 2629128    /usr/lib/locale/locale-archive
67700000-67900000 r--p 00000000 08:05 2629128    /usr/lib/locale/locale-archive
67900000-67a00000 rw-p 00000000 00:00 0 
67a00000-67a21000 rw-p 00000000 00:00 0 
67a21000-67b00000 ---p 00000000 00:00 0 
67b00000-67c00000 rw-p 00000000 00:00 0 
67c0e000-67c4d000 r--p 00859000 08:05 2629128    /usr/lib/locale/locale-archive
67c4d000-67c4e000 ---p 00000000 00:00 0 
67c4e000-67cce000 rw-p 00000000 00:00 0          [stack:15896]
67cce000-67e80000 r--s 01d2e000 08:05 2629783    /usr/lib/jvm/java-7-openjdk-i386/jre/lib/rt.jar
67e80000-6a700000 rw-p 00000000 00:00 0 
6a700000-6a7fe000 rw-p 00000000 00:00 0 
6a7fe000-6a800000 ---p 00000000 00:00 0 
6a801000-6a814000 r-xp 00000000 08:05 5247384    /lib/i386-linux-gnu/libresolv-2.19.so
6a814000-6a815000 ---p 00013000 08:05 5247384    /lib/i386-linux-gnu/libresolv-2.19.so
6a815000-6a816000 r--p 00013000 08:05 5247384    /lib/i386-linux-gnu/libresolv-2.19.so
6a816000-6a817000 rw-p 00014000 08:05 5247384    /lib/i386-linux-gnu/libresolv-2.19.so
6a817000-6a819000 rw-p 00000000 00:00 0 
6a82e000-6a831000 ---p 00000000 00:00 0 
6a831000-6a87f000 rw-p 00000000 00:00 0          [stack:15898]
6a87f000-6a880000 ---p 00000000 00:00 0 
6a880000-6a900000 rw-p 00000000 00:00 0          [stack:15895]
6a900000-6a921000 rw-p 00000000 00:00 0 
6a921000-6aa00000 ---p 00000000 00:00 0 
6aa01000-6aa19000 r-xp 00000000 08:05 2630009    /usr/lib/jvm/java-7-openjdk-i386/jre/lib/i386/libnet.so
6aa19000-6aa1a000 r--p 00017000 08:05 2630009    /usr/lib/jvm/java-7-openjdk-i386/jre/lib/i386/libnet.so
6aa1a000-6aa1b000 rw-p 00018000 08:05 2630009    /usr/lib/jvm/java-7-openjdk-i386/jre/lib/i386/libnet.so
6aa1b000-6aa2c000 r-xp 00000000 08:05 2629955    /usr/lib/jvm/java-7-openjdk-i386/jre/lib/i386/libnio.so
6aa2c000-6aa2d000 r--p 00010000 08:05 2629955    /usr/lib/jvm/java-7-openjdk-i386/jre/lib/i386/libnio.so
6aa2d000-6aa2e000 rw-p 00011000 08:05 2629955    /usr/lib/jvm/java-7-openjdk-i386/jre/lib/i386/libnio.so
6aa2e000-6aa31000 ---p 00000000 00:00 0 
6aa31000-6aa7f000 rw-p 00000000 00:00 0          [stack:15897]
6aa7f000-6aa80000 ---p 00000000 00:00 0 
6aa80000-6ab00000 rw-p 00000000 00:00 0          [stack:15894]
6ab00000-6ab21000 rw-p 00000000 00:00 0 
6ab21000-6ac00000 ---p 00000000 00:00 0 
6ac08000-6ac0d000 r-xp 00000000 08:05 2632172    /usr/lib/i386-linux-gnu/libffi.so.6.0.1
6ac0d000-6ac0e000 r--p 00005000 08:05 2632172    /usr/lib/i386-linux-gnu/libffi.so.6.0.1
6ac0e000-6ac0f000 rw-p 00006000 08:05 2632172    /usr/lib/i386-linux-gnu/libffi.so.6.0.1
6ac0f000-6ac27000 r--s 000f5000 00:19 1710445    /home/captainluma/AndroidStudioProjects/Campus-App/app/build/intermediates/exploded-aar/com.google.android.gms/play-services-ads/8.4.0/jars/classes.jar
6ac27000-6ac36000 r--s 000df000 00:19 1839558    /home/captainluma/Android/Sdk/build-tools/23.0.2/lib/dx.jar
6ac36000-6ac7f000 rw-p 00000000 00:00 0 
6ac7f000-6ac80000 ---p 00000000 00:00 0 
6ac80000-6ad00000 rw-p 00000000 00:00 0          [stack:15892]
6ad00000-6ad29000 rw-p 00000000 00:00 0 
6ad29000-6ae00000 ---p 00000000 00:00 0 
6ae04000-6ae07000 r-xp 00000000 08:05 2626595    /usr/lib/i386-linux-gnu/libgmodule-2.0.so.0.4002.0
6ae07000-6ae08000 r--p 00002000 08:05 2626595    /usr/lib/i386-linux-gnu/libgmodule-2.0.so.0.4002.0
6ae08000-6ae09000 rw-p 00003000 08:05 2626595    /usr/lib/i386-linux-gnu/libgmodule-2.0.so.0.4002.0
6ae09000-6ae0d000 r--s 00085000 08:05 2629776    /usr/lib/jvm/java-7-openjdk-i386/jre/lib/ext/localedata.jar
6ae0d000-6ae68000 rw-p 00000000 00:00 0 
6ae68000-6ae69000 ---p 00000000 00:00 0 
6ae69000-6aef1000 rw-p 00000000 00:00 0          [stack:15891]
6aef1000-6af29000 rw-p 00000000 00:00 0 
6af29000-6af92000 rw-p 00000000 00:00 0 
6af92000-6b07f000 rw-p 00000000 00:00 0 
6b07f000-6b087000 rw-p 00000000 00:00 0 
6b087000-6b0bf000 rw-p 00000000 00:00 0 
6b0bf000-6b128000 rw-p 00000000 00:00 0 
6b128000-6b214000 rw-p 00000000 00:00 0 
6b214000-6b2b5000 rw-p 00000000 00:00 0 
6b2b5000-6b2bf000 rw-p 00000000 00:00 0 
6b2bf000-6c2c0000 rw-p 00000000 00:00 0 
6c2c0000-732c0000 rw-p 00000000 00:00 0 
732c0000-80480000 rw-p 00000000 00:00 0 
80480000-9dd40000 rw-p 00000000 00:00 0 
9dd40000-b1d00000 rw-p 00000000 00:00 0 
b32c3000-b32c6000 r--s 0000f000 08:05 2629777    /usr/lib/jvm/java-7-openjdk-i386/jre/lib/ext/icedtea-sound.jar
b32c6000-b32ca000 r--s 00034000 08:05 2629778    /usr/lib/jvm/java-7-openjdk-i386/jre/lib/ext/sunjce_provider.jar
b32ca000-b32ef000 rw-p 00000000 00:00 0 
b32ef000-b33a5000 rw-p 00000000 00:00 0 
b33a5000-b3625000 rwxp 00000000 00:00 0 
b3625000-b63a5000 rw-p 00000000 00:00 0 
b63a5000-b63b0000 r-xp 00000000 08:05 5247386    /lib/i386-linux-gnu/libnss_files-2.19.so
b63b0000-b63b1000 r--p 0000a000 08:05 5247386    /lib/i386-linux-gnu/libnss_files-2.19.so
b63b1000-b63b2000 rw-p 0000b000 08:05 5247386    /lib/i386-linux-gnu/libnss_files-2.19.so
b63b2000-b63bc000 r-xp 00000000 08:05 5247372    /lib/i386-linux-gnu/libnss_nis-2.19.so
b63bc000-b63bd000 r--p 00009000 08:05 5247372    /lib/i386-linux-gnu/libnss_nis-2.19.so
b63bd000-b63be000 rw-p 0000a000 08:05 5247372    /lib/i386-linux-gnu/libnss_nis-2.19.so
b63be000-b63d3000 r-xp 00000000 08:05 5247373    /lib/i386-linux-gnu/libnsl-2.19.so
b63d3000-b63d4000 r--p 00015000 08:05 5247373    /lib/i386-linux-gnu/libnsl-2.19.so
b63d4000-b63d5000 rw-p 00016000 08:05 5247373    /lib/i386-linux-gnu/libnsl-2.19.so
b63d5000-b63d7000 rw-p 00000000 00:00 0 
b63d7000-b63fe000 r-xp 00000000 08:05 2629980    /usr/lib/jvm/java-7-openjdk-i386/jre/lib/i386/libjava.so
b63fe000-b63ff000 r--p 00026000 08:05 2629980    /usr/lib/jvm/java-7-openjdk-i386/jre/lib/i386/libjava.so
b63ff000-b6400000 rw-p 00027000 08:05 2629980    /usr/lib/jvm/java-7-openjdk-i386/jre/lib/i386/libjava.so
b6400000-b6500000 rw-p 00000000 00:00 0 
b6502000-b6506000 r--s 0003c000 08:05 2629779    /usr/lib/jvm/java-7-openjdk-i386/jre/lib/ext/sunpkcs11.jar
b6506000-b650d000 r-xp 00000000 08:05 5247378    /lib/i386-linux-gnu/libnss_compat-2.19.so
b650d000-b650e000 r--p 00006000 08:05 5247378    /lib/i386-linux-gnu/libnss_compat-2.19.so
b650e000-b650f000 rw-p 00007000 08:05 5247378    /lib/i386-linux-gnu/libnss_compat-2.19.so
b650f000-b6510000 r--s 00002000 08:05 2629780    /usr/lib/jvm/java-7-openjdk-i386/jre/lib/ext/dnsns.jar
b6510000-b6512000 r--s 00006000 08:05 2891630    /usr/share/java/java-atk-wrapper.jar
b6512000-b651a000 r-xp 00000000 08:05 2629965    /usr/lib/jvm/java-7-openjdk-i386/jre/lib/i386/libzip.so
b651a000-b651b000 r--p 00007000 08:05 2629965    /usr/lib/jvm/java-7-openjdk-i386/jre/lib/i386/libzip.so
b651b000-b651c000 rw-p 00008000 08:05 2629965    /usr/lib/jvm/java-7-openjdk-i386/jre/lib/i386/libzip.so
b651c000-b6524000 rw-s 00000000 08:05 6960008    /tmp/hsperfdata_captainluma/15886
b6524000-b652b000 r-xp 00000000 08:05 5247387    /lib/i386-linux-gnu/librt-2.19.so
b652b000-b652c000 r--p 00006000 08:05 5247387    /lib/i386-linux-gnu/librt-2.19.so
b652c000-b652d000 rw-p 00007000 08:05 5247387    /lib/i386-linux-gnu/librt-2.19.so
b652d000-b6530000 ---p 00000000 00:00 0 
b6530000-b657e000 rw-p 00000000 00:00 0          [stack:15889]
b657e000-b659a000 r-xp 00000000 08:05 5265406    /lib/i386-linux-gnu/libgcc_s.so.1
b659a000-b659b000 rw-p 0001b000 08:05 5265406    /lib/i386-linux-gnu/libgcc_s.so.1
b659b000-b65df000 r-xp 00000000 08:05 5247377    /lib/i386-linux-gnu/libm-2.19.so
b65df000-b65e0000 r--p 00043000 08:05 5247377    /lib/i386-linux-gnu/libm-2.19.so
b65e0000-b65e1000 rw-p 00044000 08:05 5247377    /lib/i386-linux-gnu/libm-2.19.so
b65e1000-b66bd000 r-xp 00000000 08:05 2625259    /usr/lib/i386-linux-gnu/libstdc++.so.6.0.19
b66bd000-b66c1000 r--p 000dc000 08:05 2625259    /usr/lib/i386-linux-gnu/libstdc++.so.6.0.19
b66c1000-b66c2000 rw-p 000e0000 08:05 2625259    /usr/lib/i386-linux-gnu/libstdc++.so.6.0.19
b66c2000-b66c9000 rw-p 00000000 00:00 0 
b66c9000-b70bd000 r-xp 00000000 08:05 2629989    /usr/lib/jvm/java-7-openjdk-i386/jre/lib/i386/server/libjvm.so
b70bd000-b70be000 ---p 009f4000 08:05 2629989    /usr/lib/jvm/java-7-openjdk-i386/jre/lib/i386/server/libjvm.so
b70be000-b7110000 r--p 009f4000 08:05 2629989    /usr/lib/jvm/java-7-openjdk-i386/jre/lib/i386/server/libjvm.so
b7110000-b7124000 rw-p 00a46000 08:05 2629989    /usr/lib/jvm/java-7-openjdk-i386/jre/lib/i386/server/libjvm.so
b7124000-b7542000 rw-p 00000000 00:00 0 
b7542000-b755a000 r-xp 00000000 08:05 5244060    /lib/i386-linux-gnu/libz.so.1.2.8
b755a000-b755b000 r--p 00017000 08:05 5244060    /lib/i386-linux-gnu/libz.so.1.2.8
b755b000-b755c000 rw-p 00018000 08:05 5244060    /lib/i386-linux-gnu/libz.so.1.2.8
b755c000-b7574000 r-xp 00000000 08:05 5247382    /lib/i386-linux-gnu/libpthread-2.19.so
b7574000-b7575000 r--p 00018000 08:05 5247382    /lib/i386-linux-gnu/libpthread-2.19.so
b7575000-b7576000 rw-p 00019000 08:05 5247382    /lib/i386-linux-gnu/libpthread-2.19.so
b7576000-b7578000 rw-p 00000000 00:00 0 
b7578000-b757b000 r-xp 00000000 08:05 5247247    /lib/i386-linux-gnu/libdl-2.19.so
b757b000-b757c000 r--p 00002000 08:05 5247247    /lib/i386-linux-gnu/libdl-2.19.so
b757c000-b757d000 rw-p 00003000 08:05 5247247    /lib/i386-linux-gnu/libdl-2.19.so
b757d000-b7725000 r-xp 00000000 08:05 5242906    /lib/i386-linux-gnu/libc-2.19.so
b7725000-b7727000 r--p 001a8000 08:05 5242906    /lib/i386-linux-gnu/libc-2.19.so
b7727000-b7728000 rw-p 001aa000 08:05 5242906    /lib/i386-linux-gnu/libc-2.19.so
b7728000-b772b000 rw-p 00000000 00:00 0 
b772b000-b772d000 r--s 00012000 08:05 2629775    /usr/lib/jvm/java-7-openjdk-i386/jre/lib/ext/zipfs.jar
b772d000-b772e000 r--p 0059a000 08:05 2629128    /usr/lib/locale/locale-archive
b772e000-b772f000 rw-p 00000000 00:00 0 
b772f000-b7730000 ---p 00000000 00:00 0 
b7730000-b773e000 r-xp 00000000 08:05 2630003    /usr/lib/jvm/java-7-openjdk-i386/jre/lib/i386/libverify.so
b773e000-b773f000 r--p 0000d000 08:05 2630003    /usr/lib/jvm/java-7-openjdk-i386/jre/lib/i386/libverify.so
b773f000-b7740000 rw-p 0000e000 08:05 2630003    /usr/lib/jvm/java-7-openjdk-i386/jre/lib/i386/libverify.so
b7740000-b774c000 r-xp 00000000 08:05 2630005    /usr/lib/jvm/java-7-openjdk-i386/jre/lib/i386/jli/libjli.so
b774c000-b774d000 r--p 0000c000 08:05 2630005    /usr/lib/jvm/java-7-openjdk-i386/jre/lib/i386/jli/libjli.so
b774d000-b774e000 rw-p 0000d000 08:05 2630005    /usr/lib/jvm/java-7-openjdk-i386/jre/lib/i386/jli/libjli.so
b774e000-b7751000 rw-p 00000000 00:00 0 
b7751000-b7752000 r-xp 00000000 00:00 0          [vdso]
b7752000-b7754000 r--p 00000000 00:00 0          [vvar]
b7754000-b7774000 r-xp 00000000 08:05 5247371    /lib/i386-linux-gnu/ld-2.19.so
b7774000-b7775000 r--p 0001f000 08:05 5247371    /lib/i386-linux-gnu/ld-2.19.so
b7775000-b7776000 rw-p 00020000 08:05 5247371    /lib/i386-linux-gnu/ld-2.19.so
bfac0000-bfac1000 rwxp 00000000 00:00 0 
bfaf3000-bfb14000 rw-p 00000000 00:00 0          [stack]

VM Arguments:
jvm_args: -Djava.awt.headless=true -Xmx1024M -Dfile.encoding=UTF-8 -Duser.country=US -Duser.language=en -Duser.variant 
java_command: com.android.dx.command.Main --dex --num-threads=4 --output /home/captainluma/AndroidStudioProjects/Campus-App/app/build/intermediates/pre-dexed/debug/com.google.android.gms-play-services-ads-8.4.0_3440df113bd35227fe274579aa48357257c58fac.jar /home/captainluma/AndroidStudioProjects/Campus-App/app/build/intermediates/exploded-aar/com.google.android.gms/play-services-ads/8.4.0/jars/classes.jar
Launcher Type: SUN_STANDARD

Environment Variables:
PATH=/usr/local/sbin:/usr/local/bin:/usr/sbin:/usr/bin:/sbin:/bin:/usr/games:/usr/local/games
LD_LIBRARY_PATH=.:
SHELL=/bin/bash
DISPLAY=:0.0

Signal Handlers:
SIGSEGV: [libjvm.so+0x811920], sa_mask[0]=0x7ffbfeff, sa_flags=0x10000004
SIGBUS: [libjvm.so+0x811920], sa_mask[0]=0x7ffbfeff, sa_flags=0x10000004
SIGFPE: [libjvm.so+0x688d70], sa_mask[0]=0x7ffbfeff, sa_flags=0x10000004
SIGPIPE: [libjvm.so+0x688d70], sa_mask[0]=0x7ffbfeff, sa_flags=0x10000004
SIGXFSZ: [libjvm.so+0x688d70], sa_mask[0]=0x7ffbfeff, sa_flags=0x10000004
SIGILL: [libjvm.so+0x688d70], sa_mask[0]=0x7ffbfeff, sa_flags=0x10000004
SIGUSR1: SIG_DFL, sa_mask[0]=0x00000000, sa_flags=0x00000000
SIGUSR2: [libjvm.so+0x688c00], sa_mask[0]=0x00000004, sa_flags=0x10000004
SIGHUP: [libjvm.so+0x688e30], sa_mask[0]=0x7ffbfeff, sa_flags=0x10000004
SIGINT: [libjvm.so+0x688e30], sa_mask[0]=0x7ffbfeff, sa_flags=0x10000004
SIGTERM: [libjvm.so+0x688e30], sa_mask[0]=0x7ffbfeff, sa_flags=0x10000004
SIGQUIT: [libjvm.so+0x688e30], sa_mask[0]=0x7ffbfeff, sa_flags=0x10000004
SIGTRAP: SIG_DFL, sa_mask[0]=0x00000000, sa_flags=0x00000000


---------------  S Y S T E M  ---------------

OS:Ubuntu 14.04 (trusty)
uname:Linux 3.16.0-57-generic #77~14.04.1-Ubuntu SMP Thu Dec 17 23:20:32 UTC 2015 i686
libc:glibc 2.19 NPTL 2.19 
rlimit: STACK 8192k, CORE 0k, NPROC 31507, NOFILE 4096, AS infinity
load average:13,55 8,08 3,66

/proc/meminfo:
MemTotal:        4060880 kB
MemFree:          204680 kB
MemAvailable:     139184 kB
Buffers:            1312 kB
Cached:            57736 kB
SwapCached:            0 kB
Active:          3697700 kB
Inactive:          45212 kB
Active(anon):    3685392 kB
Inactive(anon):    27208 kB
Active(file):      12308 kB
Inactive(file):    18004 kB
Unevictable:          48 kB
Mlocked:              48 kB
HighTotal:       3201508 kB
HighFree:          41944 kB
LowTotal:         859372 kB
LowFree:          162736 kB
SwapTotal:             0 kB
SwapFree:              0 kB
Dirty:               124 kB
Writeback:             0 kB
AnonPages:       3684572 kB
Mapped:            48988 kB
Shmem:             28264 kB
Slab:              61544 kB
SReclaimable:      26132 kB
SUnreclaim:        35412 kB
KernelStack:        4744 kB
PageTables:        15352 kB
NFS_Unstable:          0 kB
Bounce:               52 kB
WritebackTmp:          0 kB
CommitLimit:     2030440 kB
Committed_AS:    5918620 kB
VmallocTotal:     122880 kB
VmallocUsed:       64696 kB
VmallocChunk:      39084 kB
AnonHugePages:   2639872 kB
HugePages_Total:       0
HugePages_Free:        0
HugePages_Rsvd:        0
HugePages_Surp:        0
Hugepagesize:       2048 kB
DirectMap4k:       55288 kB
DirectMap2M:      854016 kB


CPU:total 4 (2 cores per cpu, 2 threads per core) family 6 model 37 stepping 5, cmov, cx8, fxsr, mmx, sse, sse2, sse3, ssse3, sse4.1, sse4.2, popcnt, ht, tsc, tscinvbit

/proc/cpuinfo:
processor	: 0
vendor_id	: GenuineIntel
cpu family	: 6
model		: 37
model name	: Intel(R) Core(TM) i5 CPU       M 450  @ 2.40GHz
stepping	: 5
microcode	: 0x2
cpu MHz		: 2400.000
cache size	: 3072 KB
physical id	: 0
siblings	: 4
core id		: 0
cpu cores	: 2
apicid		: 0
initial apicid	: 0
fdiv_bug	: no
f00f_bug	: no
coma_bug	: no
fpu		: yes
fpu_exception	: yes
cpuid level	: 11
wp		: yes
flags		: fpu vme de pse tsc msr pae mce cx8 apic sep mtrr pge mca cmov pat pse36 clflush dts acpi mmx fxsr sse sse2 ss ht tm pbe nx rdtscp lm constant_tsc arch_perfmon pebs bts xtopology nonstop_tsc aperfmperf pni dtes64 monitor ds_cpl vmx est tm2 ssse3 cx16 xtpr pdcm pcid sse4_1 sse4_2 popcnt lahf_lm ida arat dtherm tpr_shadow vnmi flexpriority ept vpid
bogomips	: 4788.07
clflush size	: 64
cache_alignment	: 64
address sizes	: 36 bits physical, 48 bits virtual
power management:

processor	: 1
vendor_id	: GenuineIntel
cpu family	: 6
model		: 37
model name	: Intel(R) Core(TM) i5 CPU       M 450  @ 2.40GHz
stepping	: 5
microcode	: 0x2
cpu MHz		: 2400.000
cache size	: 3072 KB
physical id	: 0
siblings	: 4
core id		: 2
cpu cores	: 2
apicid		: 4
initial apicid	: 4
fdiv_bug	: no
f00f_bug	: no
coma_bug	: no
fpu		: yes
fpu_exception	: yes
cpuid level	: 11
wp		: yes
flags		: fpu vme de pse tsc msr pae mce cx8 apic sep mtrr pge mca cmov pat pse36 clflush dts acpi mmx fxsr sse sse2 ss ht tm pbe nx rdtscp lm constant_tsc arch_perfmon pebs bts xtopology nonstop_tsc aperfmperf pni dtes64 monitor ds_cpl vmx est tm2 ssse3 cx16 xtpr pdcm pcid sse4_1 sse4_2 popcnt lahf_lm ida arat dtherm tpr_shadow vnmi flexpriority ept vpid
bogomips	: 4788.07
clflush size	: 64
cache_alignment	: 64
address sizes	: 36 bits physical, 48 bits virtual
power management:

processor	: 2
vendor_id	: GenuineIntel
cpu family	: 6
model		: 37
model name	: Intel(R) Core(TM) i5 CPU       M 450  @ 2.40GHz
stepping	: 5
microcode	: 0x2
cpu MHz		: 2400.000
cache size	: 3072 KB
physical id	: 0
siblings	: 4
core id		: 0
cpu cores	: 2
apicid		: 1
initial apicid	: 1
fdiv_bug	: no
f00f_bug	: no
coma_bug	: no
fpu		: yes
fpu_exception	: yes
cpuid level	: 11
wp		: yes
flags		: fpu vme de pse tsc msr pae mce cx8 apic sep mtrr pge mca cmov pat pse36 clflush dts acpi mmx fxsr sse sse2 ss ht tm pbe nx rdtscp lm constant_tsc arch_perfmon pebs bts xtopology nonstop_tsc aperfmperf pni dtes64 monitor ds_cpl vmx est tm2 ssse3 cx16 xtpr pdcm pcid sse4_1 sse4_2 popcnt lahf_lm ida arat dtherm tpr_shadow vnmi flexpriority ept vpid
bogomips	: 4788.07
clflush size	: 64
cache_alignment	: 64
address sizes	: 36 bits physical, 48 bits virtual
power management:

processor	: 3
vendor_id	: GenuineIntel
cpu family	: 6
model		: 37
model name	: Intel(R) Core(TM) i5 CPU       M 450  @ 2.40GHz
stepping	: 5
microcode	: 0x2
cpu MHz		: 2400.000
cache size	: 3072 KB
physical id	: 0
siblings	: 4
core id		: 2
cpu cores	: 2
apicid		: 5
initial apicid	: 5
fdiv_bug	: no
f00f_bug	: no
coma_bug	: no
fpu		: yes
fpu_exception	: yes
cpuid level	: 11
wp		: yes
flags		: fpu vme de pse tsc msr pae mce cx8 apic sep mtrr pge mca cmov pat pse36 clflush dts acpi mmx fxsr sse sse2 ss ht tm pbe nx rdtscp lm constant_tsc arch_perfmon pebs bts xtopology nonstop_tsc aperfmperf pni dtes64 monitor ds_cpl vmx est tm2 ssse3 cx16 xtpr pdcm pcid sse4_1 sse4_2 popcnt lahf_lm ida arat dtherm tpr_shadow vnmi flexpriority ept vpid
bogomips	: 4788.07
clflush size	: 64
cache_alignment	: 64
address sizes	: 36 bits physical, 48 bits virtual
power management:



Memory: 4k page, physical 4060880k(201392k free), swap 0k(0k free)

vm_info: OpenJDK Server VM (24.91-b01) for linux-x86 JRE (1.7.0_91-b02), built on Nov 19 2015 06:19:32 by "buildd" with gcc 4.8.2

time: Sat Jan 16 23:22:48 2016
elapsed time: 35 seconds

